#
# A fatal error has been detected by the Java Runtime Environment:
#
#  EXCEPTION_ACCESS_VIOLATION (0xc0000005) at pc=0x00007ffb45607ef8, pid=2324, tid=22780
#
# JRE version: OpenJDK Runtime Environment (11.0.10) (build 11.0.10+0-b96-7249189)
# Java VM: OpenJDK 64-Bit Server VM (11.0.10+0-b96-7249189, mixed mode, tiered, compressed oops, g1 gc, windows-amd64)
# Problematic frame:
# V  [jvm.dll+0x357ef8]
#
# No core dump will be written. Minidumps are not enabled by default on client versions of Windows
#
# If you would like to submit a bug report, please visit:
#   https://bugreport.java.com/bugreport/crash.jsp
#

---------------  S U M M A R Y ------------

Command Line: --add-opens=java.base/java.util=ALL-UNNAMED --add-opens=java.base/java.lang=ALL-UNNAMED --add-opens=java.base/java.lang.invoke=ALL-UNNAMED --add-opens=java.prefs/java.util.prefs=ALL-UNNAMED -XX:MaxMetaspaceSize=256m -XX:+HeapDumpOnOutOfMemoryError -Xms256m -Xmx512m -Dfile.encoding=windows-1252 -Duser.country=US -Duser.language=en -Duser.variant org.gradle.launcher.daemon.bootstrap.GradleDaemon 6.2

Host: Intel(R) Core(TM) i5-8400 CPU @ 2.80GHz, 6 cores, 15G,  Windows 10 , 64 bit Build 19041 (10.0.19041.1151)
Time: Tue Aug 17 17:39:26 2021 SE Asia Standard Time elapsed time: 30.751160 seconds (0d 0h 0m 30s)

---------------  T H R E A D  ---------------

Current thread (0x0000021cfc5c3800):  JavaThread "C2 CompilerThread0" daemon [_thread_in_native, id=22780, stack(0x00000040c5c00000,0x00000040c5d00000)]


Current CompileTask:
C2:  30751 8284       4       org.gradle.internal.operations.DefaultBuildOperationExecutor::execute (111 bytes)

Stack: [0x00000040c5c00000,0x00000040c5d00000],  sp=0x00000040c5cfb950,  free space=1006k
Native frames: (J=compiled Java code, j=interpreted, Vv=VM code, C=native code)
V  [jvm.dll+0x357ef8]
V  [jvm.dll+0x357f34]
V  [jvm.dll+0x353364]
V  [jvm.dll+0x198517]
V  [jvm.dll+0x1980af]
V  [jvm.dll+0x1fb70e]
V  [jvm.dll+0x1fa7f4]
V  [jvm.dll+0x18354c]
V  [jvm.dll+0x208ee7]
V  [jvm.dll+0x207731]
V  [jvm.dll+0x6eb1cf]
V  [jvm.dll+0x6e3d45]
V  [jvm.dll+0x5ebe96]
C  [ucrtbase.dll+0x21bb2]
C  [KERNEL32.DLL+0x17034]
C  [ntdll.dll+0x52651]


siginfo: EXCEPTION_ACCESS_VIOLATION (0xc0000005), reading address 0x0000021c83f08a00


Register to memory mapping:

RIP=0x00007ffb45607ef8 jvm.dll
RAX=0x0000021c83f08a00 points into unknown readable memory: 0x000000000000000f | 0f 00 00 00 00 00 00 00
RBX=0x00000040c5cfe470 is pointing into the stack for thread: 0x0000021cfc5c3800
RCX=0x0000021cfc5c3800 is a thread
RDX=0x0000000000000008 is an unknown value
RSP=0x00000040c5cfb950 is pointing into the stack for thread: 0x0000021cfc5c3800
RBP=0x00000040c5cfbbe0 is pointing into the stack for thread: 0x0000021cfc5c3800
RSI=0x0 is NULL
RDI=0x0000021c89128c30 points into unknown readable memory: 0x000000000000000a | 0a 00 00 00 00 00 00 00
R8 =0x0000000000001313 is an unknown value
R9 =0x00007ffb45ca7c38 jvm.dll
R10=0x00007ffb452b0000 jvm.dll
R11=0x0000000000000002 is an unknown value
R12=0x00007ffb452b0000 jvm.dll
R13=0x0000000000007533 is an unknown value
R14=0x000000000000000a is an unknown value
R15=0x00007ffb45ca7c38 jvm.dll


Registers:
RAX=0x0000021c83f08a00, RBX=0x00000040c5cfe470, RCX=0x0000021cfc5c3800, RDX=0x0000000000000008
RSP=0x00000040c5cfb950, RBP=0x00000040c5cfbbe0, RSI=0x0000000000000000, RDI=0x0000021c89128c30
R8 =0x0000000000001313, R9 =0x00007ffb45ca7c38, R10=0x00007ffb452b0000, R11=0x0000000000000002
R12=0x00007ffb452b0000, R13=0x0000000000007533, R14=0x000000000000000a, R15=0x00007ffb45ca7c38
RIP=0x00007ffb45607ef8, EFLAGS=0x0000000000010206

Top of Stack: (sp=0x00000040c5cfb950)
0x00000040c5cfb950:   0000021cfdd24648 00007ffb00000001
0x00000040c5cfb960:   0000021c8918d8b0 00007ffb4531c186
0x00000040c5cfb970:   000000000000266a 00007ffb45607f34
0x00000040c5cfb980:   00000040c5cfbf80 00007ffb45448c60
0x00000040c5cfb990:   0000000000000000 00007ffb45449105
0x00000040c5cfb9a0:   000000000000266a 00007ffb45603364
0x00000040c5cfb9b0:   0000021c89128c30 00000040c5cfbbe0
0x00000040c5cfb9c0:   0000000000000000 00007ffb00000008
0x00000040c5cfb9d0:   0000131800000000 00007ffb00000001
0x00000040c5cfb9e0:   0000021c81ca6a20 00007ffb00000014
0x00000040c5cfb9f0:   0000021c84295fb0 00007ffb00000027
0x00000040c5cfba00:   0000021c891ea290 0000021c847324c0
0x00000040c5cfba10:   0000000000180240 0000000000000000
0x00000040c5cfba20:   00007ffb452b0000 00007ffb45448517
0x00000040c5cfba30:   0000021c89373290 00000040c5cfbf80
0x00000040c5cfba40:   0000000000000000 0000000000000001 

Instructions: (pc=0x00007ffb45607ef8)
0x00007ffb45607df8:   48 8b 88 d0 04 00 00 48 8b 81 88 00 00 00 4c 89
0x00007ffb45607e08:   80 88 08 00 00 49 8b 43 08 48 89 34 03 41 ff c2
0x00007ffb45607e18:   45 3b 51 28 0f 82 6e ff ff ff 41 8b 41 28 41 89
0x00007ffb45607e28:   41 18 33 c0 41 c7 41 08 08 00 00 00 48 8b 74 24
0x00007ffb45607e38:   40 48 8b 6c 24 38 48 8b 5c 24 30 48 8b 7c 24 20
0x00007ffb45607e48:   48 83 c4 28 c3 8b 41 18 8d 0c c2 8b c2 c1 e1 05
0x00007ffb45607e58:   81 e9 00 01 00 00 41 89 49 04 41 8b 0c 80 8d 42
0x00007ffb45607e68:   01 41 89 09 49 8b c9 41 89 41 08 48 83 c4 28 e9
0x00007ffb45607e78:   a4 33 e4 ff 42 8d 04 d2 c1 e0 05 41 89 41 04 49
0x00007ffb45607e88:   8b 41 10 8b 0c 90 41 8d 42 01 41 89 41 18 8d 42
0x00007ffb45607e98:   01 41 89 09 49 8b c9 41 89 41 08 e8 78 33 e4 ff
0x00007ffb45607ea8:   eb 8a cc cc cc cc cc cc 40 53 48 83 ec 20 8b 0d
0x00007ffb45607eb8:   c0 b8 6d 00 65 48 8b 04 25 58 00 00 00 ba 08 00
0x00007ffb45607ec8:   00 00 48 8b 04 c8 48 8b 0c 10 48 8b 81 d0 04 00
0x00007ffb45607ed8:   00 48 8b 98 88 00 00 00 48 8b 83 88 08 00 00 48
0x00007ffb45607ee8:   85 c0 75 0c e8 ff 06 00 00 48 8b 83 88 08 00 00
0x00007ffb45607ef8:   48 8b 08 48 89 8b 88 08 00 00 33 c9 48 89 08 48
0x00007ffb45607f08:   89 48 08 48 89 48 10 48 89 48 18 48 83 c4 20 5b
0x00007ffb45607f18:   c3 cc cc cc cc cc cc cc 48 89 5c 24 08 57 48 83
0x00007ffb45607f28:   ec 20 8b da 48 8b f9 e8 7c ff ff ff 48 8b 4f 08
0x00007ffb45607f38:   8b d3 48 8b 5c 24 30 48 c1 ea 08 48 89 04 d1 48
0x00007ffb45607f48:   83 c4 20 5f c3 cc cc cc 4c 8b d9 8b c2 8b 15 21
0x00007ffb45607f58:   b8 6d 00 4c 8d 14 c5 00 00 00 00 48 8b 41 08 b9
0x00007ffb45607f68:   08 00 00 00 4d 8b 0c 02 65 48 8b 04 25 58 00 00
0x00007ffb45607f78:   00 4c 8b 04 d0 4c 03 c1 49 8b 00 48 8b 90 d0 04
0x00007ffb45607f88:   00 00 48 8b 82 88 00 00 00 48 8b 88 88 08 00 00
0x00007ffb45607f98:   49 89 09 49 8b 00 48 8b 88 d0 04 00 00 48 8b 81
0x00007ffb45607fa8:   88 00 00 00 48 8d 0d 85 fc 69 00 4c 89 88 88 08
0x00007ffb45607fb8:   00 00 49 8b 43 08 49 89 0c 02 c3 cc cc cc cc cc
0x00007ffb45607fc8:   cc cc cc cc cc cc cc cc 48 89 5c 24 18 57 48 83
0x00007ffb45607fd8:   ec 20 81 c2 ff 00 00 00 33 db c1 ea 08 48 8b f9
0x00007ffb45607fe8:   89 19 89 91 90 00 00 00 83 fa 10 77 0d 48 8d 41 


Stack slot to memory mapping:
stack at sp + 0 slots: 0x0000021cfdd24648 points into unknown readable memory: 0x00007ffb45ca7c38 | 38 7c ca 45 fb 7f 00 00
stack at sp + 1 slots: 0x00007ffb00000001 is an unknown value
stack at sp + 2 slots: 0x0000021c8918d8b0 points into unknown readable memory: 0x00000000000000cf | cf 00 00 00 00 00 00 00
stack at sp + 3 slots: 0x00007ffb4531c186 jvm.dll
stack at sp + 4 slots: 0x000000000000266a is an unknown value
stack at sp + 5 slots: 0x00007ffb45607f34 jvm.dll
stack at sp + 6 slots: 0x00000040c5cfbf80 is pointing into the stack for thread: 0x0000021cfc5c3800
stack at sp + 7 slots: 0x00007ffb45448c60 jvm.dll


---------------  P R O C E S S  ---------------

Threads class SMR info:
_java_thread_list=0x0000021c83e00f30, length=38, elements={
0x0000021ce5e69800, 0x0000021cfc59e000, 0x0000021cfc5a7800, 0x0000021cfc5c0800,
0x0000021cfc5c1800, 0x0000021cfc5c2800, 0x0000021cfc5c3800, 0x0000021cfc5c9000,
0x0000021cfc5cb000, 0x0000021cfd094800, 0x0000021cfe7c7000, 0x0000021cfd41f800,
0x0000021cfe164800, 0x0000021cfe323000, 0x0000021cfe927800, 0x0000021cfea6f000,
0x0000021cfe6b0000, 0x0000021cfe58d800, 0x0000021cfe58e000, 0x0000021cfecfa000,
0x0000021cfecfb000, 0x0000021cfecf8800, 0x0000021cfecf9000, 0x0000021cfde09800,
0x0000021cfde0d000, 0x0000021cfde0b800, 0x0000021cfde0f800, 0x0000021cfde0c000,
0x0000021cfde0e000, 0x0000021cfde14800, 0x0000021cfde16000, 0x0000021cfde16800,
0x0000021cfde12800, 0x0000021cfde13800, 0x0000021cfde15000, 0x0000021cfde11000,
0x0000021cfde17800, 0x0000021c83e01800
}

Java Threads: ( => current thread )
  0x0000021ce5e69800 JavaThread "main" [_thread_blocked, id=14852, stack(0x00000040c5000000,0x00000040c5100000)]
  0x0000021cfc59e000 JavaThread "Reference Handler" daemon [_thread_blocked, id=23996, stack(0x00000040c5700000,0x00000040c5800000)]
  0x0000021cfc5a7800 JavaThread "Finalizer" daemon [_thread_blocked, id=23548, stack(0x00000040c5800000,0x00000040c5900000)]
  0x0000021cfc5c0800 JavaThread "Signal Dispatcher" daemon [_thread_blocked, id=27704, stack(0x00000040c5900000,0x00000040c5a00000)]
  0x0000021cfc5c1800 JavaThread "Attach Listener" daemon [_thread_blocked, id=27268, stack(0x00000040c5a00000,0x00000040c5b00000)]
  0x0000021cfc5c2800 JavaThread "Service Thread" daemon [_thread_blocked, id=4020, stack(0x00000040c5b00000,0x00000040c5c00000)]
=>0x0000021cfc5c3800 JavaThread "C2 CompilerThread0" daemon [_thread_in_native, id=22780, stack(0x00000040c5c00000,0x00000040c5d00000)]
  0x0000021cfc5c9000 JavaThread "C1 CompilerThread0" daemon [_thread_blocked, id=27184, stack(0x00000040c5d00000,0x00000040c5e00000)]
  0x0000021cfc5cb000 JavaThread "Sweeper thread" daemon [_thread_blocked, id=26432, stack(0x00000040c5e00000,0x00000040c5f00000)]
  0x0000021cfd094800 JavaThread "Common-Cleaner" daemon [_thread_blocked, id=26892, stack(0x00000040c5f00000,0x00000040c6000000)]
  0x0000021cfe7c7000 JavaThread "Daemon health stats" [_thread_blocked, id=27960, stack(0x00000040c6700000,0x00000040c6800000)]
  0x0000021cfd41f800 JavaThread "Incoming local TCP Connector on port 50252" [_thread_in_native, id=13992, stack(0x00000040c6100000,0x00000040c6200000)]
  0x0000021cfe164800 JavaThread "Daemon periodic checks" [_thread_blocked, id=7232, stack(0x00000040c6800000,0x00000040c6900000)]
  0x0000021cfe323000 JavaThread "Daemon" [_thread_blocked, id=24440, stack(0x00000040c6900000,0x00000040c6a00000)]
  0x0000021cfe927800 JavaThread "Handler for socket connection from /127.0.0.1:50252 to /127.0.0.1:50253" [_thread_in_native, id=20644, stack(0x00000040c6a00000,0x00000040c6b00000)]
  0x0000021cfea6f000 JavaThread "Cancel handler" [_thread_blocked, id=28628, stack(0x00000040c6c00000,0x00000040c6d00000)]
  0x0000021cfe6b0000 JavaThread "Daemon worker" [_thread_in_native, id=24104, stack(0x00000040c6d00000,0x00000040c6e00000)]
  0x0000021cfe58d800 JavaThread "Asynchronous log dispatcher for DefaultDaemonConnection: socket connection from /127.0.0.1:50252 to /127.0.0.1:50253" [_thread_blocked, id=26916, stack(0x00000040c6e00000,0x00000040c6f00000)]
  0x0000021cfe58e000 JavaThread "Stdin handler" [_thread_blocked, id=22844, stack(0x00000040c6f00000,0x00000040c7000000)]
  0x0000021cfecfa000 JavaThread "Thread-8" [_thread_blocked, id=23628, stack(0x00000040c7000000,0x00000040c7100000)]
  0x0000021cfecfb000 JavaThread "Cache worker for journal cache (C:\Users\locku\.gradle\caches\journal-1)" [_thread_blocked, id=22220, stack(0x00000040c7100000,0x00000040c7200000)]
  0x0000021cfecf8800 JavaThread "File lock request listener" [_thread_in_native, id=28644, stack(0x00000040c6b00000,0x00000040c6c00000)]
  0x0000021cfecf9000 JavaThread "Cache worker for file hash cache (C:\Users\locku\.gradle\caches\6.2\fileHashes)" [_thread_blocked, id=14640, stack(0x00000040c7200000,0x00000040c7300000)]
  0x0000021cfde09800 JavaThread "Cache worker for checksums cache (D:\Code\Project\freelancer\solareum-app\android\.gradle\checksums)" [_thread_blocked, id=13364, stack(0x00000040c7500000,0x00000040c7600000)]
  0x0000021cfde0d000 JavaThread "Cache worker for file hash cache (D:\Code\Project\freelancer\solareum-app\android\.gradle\6.2\fileHashes)" [_thread_blocked, id=23152, stack(0x00000040c7600000,0x00000040c7700000)]
  0x0000021cfde0b800 JavaThread "Cache worker for cache directory md-supplier (C:\Users\locku\.gradle\caches\6.2\md-supplier)" [_thread_blocked, id=19956, stack(0x00000040c7700000,0x00000040c7800000)]
  0x0000021cfde0f800 JavaThread "Cache worker for cache directory md-rule (C:\Users\locku\.gradle\caches\6.2\md-rule)" [_thread_blocked, id=17536, stack(0x00000040c7800000,0x00000040c7900000)]
  0x0000021cfde0c000 JavaThread "Cache worker for execution history cache (C:\Users\locku\.gradle\caches\6.2\executionHistory)" [_thread_blocked, id=24296, stack(0x00000040c7900000,0x00000040c7a00000)]
  0x0000021cfde0e000 JavaThread "Build operations" [_thread_blocked, id=26668, stack(0x00000040c7a00000,0x00000040c7b00000)]
  0x0000021cfde14800 JavaThread "Build operations Thread 2" [_thread_blocked, id=22300, stack(0x00000040c7b00000,0x00000040c7c00000)]
  0x0000021cfde16000 JavaThread "Build operations Thread 3" [_thread_blocked, id=21720, stack(0x00000040c7c00000,0x00000040c7d00000)]
  0x0000021cfde16800 JavaThread "Build operations Thread 4" [_thread_blocked, id=27280, stack(0x00000040c7d00000,0x00000040c7e00000)]
  0x0000021cfde12800 JavaThread "Build operations Thread 5" [_thread_blocked, id=19616, stack(0x00000040c7e00000,0x00000040c7f00000)]
  0x0000021cfde13800 JavaThread "Build operations Thread 6" [_thread_blocked, id=16316, stack(0x00000040c7f00000,0x00000040c8000000)]
  0x0000021cfde15000 JavaThread "pool-1-thread-1" [_thread_blocked, id=11752, stack(0x00000040c7400000,0x00000040c7500000)]
  0x0000021cfde11000 JavaThread "Cache worker for Build Output Cleanup Cache (D:\Code\Project\freelancer\solareum-app\android\.gradle\buildOutputCleanup)" [_thread_blocked, id=24564, stack(0x00000040c8000000,0x00000040c8100000)]
  0x0000021cfde17800 JavaThread "Memory manager" [_thread_blocked, id=21760, stack(0x00000040c8400000,0x00000040c8500000)]
  0x0000021c83e01800 JavaThread "C2 CompilerThread1" daemon [_thread_in_native, id=21824, stack(0x00000040c8100000,0x00000040c8200000)]

Other Threads:
  0x0000021cfc578800 VMThread "VM Thread" [stack: 0x00000040c5600000,0x00000040c5700000] [id=28400]
  0x0000021cfd0a2800 WatcherThread [stack: 0x00000040c6000000,0x00000040c6100000] [id=24384]
  0x0000021ce5e81800 GCTaskThread "GC Thread#0" [stack: 0x00000040c5100000,0x00000040c5200000] [id=26864]
  0x0000021cfdb1b000 GCTaskThread "GC Thread#1" [stack: 0x00000040c6200000,0x00000040c6300000] [id=22872]
  0x0000021cfde68800 GCTaskThread "GC Thread#2" [stack: 0x00000040c6300000,0x00000040c6400000] [id=28552]
  0x0000021cfde78800 GCTaskThread "GC Thread#3" [stack: 0x00000040c6400000,0x00000040c6500000] [id=25756]
  0x0000021cfd9da800 GCTaskThread "GC Thread#4" [stack: 0x00000040c6500000,0x00000040c6600000] [id=24940]
  0x0000021cfd9db800 GCTaskThread "GC Thread#5" [stack: 0x00000040c6600000,0x00000040c6700000] [id=7512]
  0x0000021ce5e92800 ConcurrentGCThread "G1 Main Marker" [stack: 0x00000040c5200000,0x00000040c5300000] [id=25932]
  0x0000021ce5e94800 ConcurrentGCThread "G1 Conc#0" [stack: 0x00000040c5300000,0x00000040c5400000] [id=21168]
  0x0000021cff0c4000 ConcurrentGCThread "G1 Conc#1" [stack: 0x00000040c7300000,0x00000040c7400000] [id=28032]
  0x0000021ce5f4e000 ConcurrentGCThread "G1 Refine#0" [stack: 0x00000040c5400000,0x00000040c5500000] [id=20592]
  0x0000021c8152f000 ConcurrentGCThread "G1 Refine#1" [stack: 0x00000040c8200000,0x00000040c8300000] [id=21260]
  0x0000021c816b6800 ConcurrentGCThread "G1 Refine#2" [stack: 0x00000040c8300000,0x00000040c8400000] [id=27624]
  0x0000021cfc415800 ConcurrentGCThread "G1 Young RemSet Sampling" [stack: 0x00000040c5500000,0x00000040c5600000] [id=2260]

Threads with active compile tasks:
C2 CompilerThread0  30812 8284       4       org.gradle.internal.operations.DefaultBuildOperationExecutor::execute (111 bytes)
C2 CompilerThread1  30812 8620   !   4       org.gradle.internal.operations.DefaultBuildOperationExecutor$1::execute (82 bytes)

VM state:not at safepoint (normal execution)

VM Mutex/Monitor currently owned by a thread: None

Heap address: 0x00000000e0000000, size: 512 MB, Compressed Oops mode: 32-bit
Narrow klass base: 0x0000000000000000, Narrow klass shift: 3
Compressed class space size: 260046848 Address: 0x0000000100000000

Heap:
 garbage-first heap   total 262144K, used 120752K [0x00000000e0000000, 0x0000000100000000)
  region size 1024K, 39 young (39936K), 16 survivors (16384K)
 Metaspace       used 77054K, capacity 81040K, committed 81328K, reserved 325632K
  class space    used 10049K, capacity 11408K, committed 11520K, reserved 253952K
Heap Regions: E=young(eden), S=young(survivor), O=old, HS=humongous(starts), HC=humongous(continues), CS=collection set, F=free, A=archive, TAMS=top-at-mark-start (previous, next)
|   0|0x00000000e0000000, 0x00000000e0100000, 0x00000000e0100000|100%|HS|  |TAMS 0x00000000e0100000, 0x00000000e0000000| Complete 
|   1|0x00000000e0100000, 0x00000000e0200000, 0x00000000e0200000|100%|HC|  |TAMS 0x00000000e0200000, 0x00000000e0100000| Complete 
|   2|0x00000000e0200000, 0x00000000e0300000, 0x00000000e0300000|100%| O|  |TAMS 0x00000000e0300000, 0x00000000e0200000| Untracked 
|   3|0x00000000e0300000, 0x00000000e0400000, 0x00000000e0400000|100%|HS|  |TAMS 0x00000000e0400000, 0x00000000e0300000| Complete 
|   4|0x00000000e0400000, 0x00000000e0500000, 0x00000000e0500000|100%|HC|  |TAMS 0x00000000e0500000, 0x00000000e0400000| Complete 
|   5|0x00000000e0500000, 0x00000000e0600000, 0x00000000e0600000|100%|HC|  |TAMS 0x00000000e0600000, 0x00000000e0500000| Complete 
|   6|0x00000000e0600000, 0x00000000e0700000, 0x00000000e0700000|100%| O|  |TAMS 0x00000000e0700000, 0x00000000e0600000| Untracked 
|   7|0x00000000e0700000, 0x00000000e0800000, 0x00000000e0800000|100%| O|  |TAMS 0x00000000e0800000, 0x00000000e0700000| Untracked 
|   8|0x00000000e0800000, 0x00000000e0900000, 0x00000000e0900000|100%| O|  |TAMS 0x00000000e0900000, 0x00000000e0800000| Untracked 
|   9|0x00000000e0900000, 0x00000000e0a00000, 0x00000000e0a00000|100%|HS|  |TAMS 0x00000000e0a00000, 0x00000000e0900000| Complete 
|  10|0x00000000e0a00000, 0x00000000e0b00000, 0x00000000e0b00000|100%|HC|  |TAMS 0x00000000e0b00000, 0x00000000e0a00000| Complete 
|  11|0x00000000e0b00000, 0x00000000e0c00000, 0x00000000e0c00000|100%|HC|  |TAMS 0x00000000e0c00000, 0x00000000e0b00000| Complete 
|  12|0x00000000e0c00000, 0x00000000e0d00000, 0x00000000e0d00000|100%|HS|  |TAMS 0x00000000e0d00000, 0x00000000e0c00000| Complete 
|  13|0x00000000e0d00000, 0x00000000e0e00000, 0x00000000e0e00000|100%|HC|  |TAMS 0x00000000e0e00000, 0x00000000e0d00000| Complete 
|  14|0x00000000e0e00000, 0x00000000e0f00000, 0x00000000e0f00000|100%|HC|  |TAMS 0x00000000e0f00000, 0x00000000e0e00000| Complete 
|  15|0x00000000e0f00000, 0x00000000e1000000, 0x00000000e1000000|100%|HC|  |TAMS 0x00000000e1000000, 0x00000000e0f00000| Complete 
|  16|0x00000000e1000000, 0x00000000e1100000, 0x00000000e1100000|100%|HC|  |TAMS 0x00000000e1100000, 0x00000000e1000000| Complete 
|  17|0x00000000e1100000, 0x00000000e1200000, 0x00000000e1200000|100%| O|  |TAMS 0x00000000e1200000, 0x00000000e1100000| Untracked 
|  18|0x00000000e1200000, 0x00000000e1300000, 0x00000000e1300000|100%| O|  |TAMS 0x00000000e1300000, 0x00000000e1200000| Untracked 
|  19|0x00000000e1300000, 0x00000000e1400000, 0x00000000e1400000|100%| O|  |TAMS 0x00000000e1400000, 0x00000000e1300000| Untracked 
|  20|0x00000000e1400000, 0x00000000e1500000, 0x00000000e1500000|100%| O|  |TAMS 0x00000000e1500000, 0x00000000e1400000| Untracked 
|  21|0x00000000e1500000, 0x00000000e1600000, 0x00000000e1600000|100%| O|  |TAMS 0x00000000e1600000, 0x00000000e1500000| Untracked 
|  22|0x00000000e1600000, 0x00000000e1700000, 0x00000000e1700000|100%| O|  |TAMS 0x00000000e1700000, 0x00000000e1600000| Untracked 
|  23|0x00000000e1700000, 0x00000000e1800000, 0x00000000e1800000|100%| O|  |TAMS 0x00000000e1800000, 0x00000000e1700000| Untracked 
|  24|0x00000000e1800000, 0x00000000e1900000, 0x00000000e1900000|100%| O|  |TAMS 0x00000000e1900000, 0x00000000e1800000| Untracked 
|  25|0x00000000e1900000, 0x00000000e1a00000, 0x00000000e1a00000|100%| O|  |TAMS 0x00000000e1a00000, 0x00000000e1900000| Untracked 
|  26|0x00000000e1a00000, 0x00000000e1b00000, 0x00000000e1b00000|100%| O|  |TAMS 0x00000000e1b00000, 0x00000000e1a00000| Untracked 
|  27|0x00000000e1b00000, 0x00000000e1c00000, 0x00000000e1c00000|100%|HS|  |TAMS 0x00000000e1c00000, 0x00000000e1b00000| Complete 
|  28|0x00000000e1c00000, 0x00000000e1d00000, 0x00000000e1d00000|100%|HC|  |TAMS 0x00000000e1d00000, 0x00000000e1c00000| Complete 
|  29|0x00000000e1d00000, 0x00000000e1e00000, 0x00000000e1e00000|100%| O|  |TAMS 0x00000000e1e00000, 0x00000000e1d00000| Untracked 
|  30|0x00000000e1e00000, 0x00000000e1f00000, 0x00000000e1f00000|100%| O|  |TAMS 0x00000000e1f00000, 0x00000000e1e00000| Untracked 
|  31|0x00000000e1f00000, 0x00000000e2000000, 0x00000000e2000000|100%| O|  |TAMS 0x00000000e2000000, 0x00000000e1f00000| Untracked 
|  32|0x00000000e2000000, 0x00000000e2100000, 0x00000000e2100000|100%| O|  |TAMS 0x00000000e2100000, 0x00000000e2000000| Untracked 
|  33|0x00000000e2100000, 0x00000000e2200000, 0x00000000e2200000|100%| O|  |TAMS 0x00000000e2200000, 0x00000000e2100000| Untracked 
|  34|0x00000000e2200000, 0x00000000e2300000, 0x00000000e2300000|100%| O|  |TAMS 0x00000000e2300000, 0x00000000e2200000| Untracked 
|  35|0x00000000e2300000, 0x00000000e2400000, 0x00000000e2400000|100%| O|  |TAMS 0x00000000e2400000, 0x00000000e2300000| Untracked 
|  36|0x00000000e2400000, 0x00000000e2500000, 0x00000000e2500000|100%| O|  |TAMS 0x00000000e2500000, 0x00000000e2400000| Untracked 
|  37|0x00000000e2500000, 0x00000000e2600000, 0x00000000e2600000|100%| O|  |TAMS 0x00000000e2600000, 0x00000000e2500000| Untracked 
|  38|0x00000000e2600000, 0x00000000e2700000, 0x00000000e2700000|100%| O|  |TAMS 0x00000000e2700000, 0x00000000e2600000| Untracked 
|  39|0x00000000e2700000, 0x00000000e2800000, 0x00000000e2800000|100%| O|  |TAMS 0x00000000e2800000, 0x00000000e2700000| Untracked 
|  40|0x00000000e2800000, 0x00000000e2900000, 0x00000000e2900000|100%| O|  |TAMS 0x00000000e2900000, 0x00000000e2800000| Untracked 
|  41|0x00000000e2900000, 0x00000000e2a00000, 0x00000000e2a00000|100%| O|  |TAMS 0x00000000e2a00000, 0x00000000e2900000| Untracked 
|  42|0x00000000e2a00000, 0x00000000e2b00000, 0x00000000e2b00000|100%| O|  |TAMS 0x00000000e2b00000, 0x00000000e2a00000| Untracked 
|  43|0x00000000e2b00000, 0x00000000e2c00000, 0x00000000e2c00000|100%| O|  |TAMS 0x00000000e2c00000, 0x00000000e2b00000| Untracked 
|  44|0x00000000e2c00000, 0x00000000e2d00000, 0x00000000e2d00000|100%| O|  |TAMS 0x00000000e2d00000, 0x00000000e2c00000| Untracked 
|  45|0x00000000e2d00000, 0x00000000e2e00000, 0x00000000e2e00000|100%| O|  |TAMS 0x00000000e2e00000, 0x00000000e2d00000| Untracked 
|  46|0x00000000e2e00000, 0x00000000e2f00000, 0x00000000e2f00000|100%| O|  |TAMS 0x00000000e2f00000, 0x00000000e2e00000| Untracked 
|  47|0x00000000e2f00000, 0x00000000e3000000, 0x00000000e3000000|100%| O|  |TAMS 0x00000000e3000000, 0x00000000e2f00000| Untracked 
|  48|0x00000000e3000000, 0x00000000e3100000, 0x00000000e3100000|100%| O|  |TAMS 0x00000000e3100000, 0x00000000e3000000| Untracked 
|  49|0x00000000e3100000, 0x00000000e3200000, 0x00000000e3200000|100%| O|  |TAMS 0x00000000e3200000, 0x00000000e3100000| Untracked 
|  50|0x00000000e3200000, 0x00000000e3300000, 0x00000000e3300000|100%| O|  |TAMS 0x00000000e3300000, 0x00000000e3200000| Untracked 
|  51|0x00000000e3300000, 0x00000000e3400000, 0x00000000e3400000|100%| O|  |TAMS 0x00000000e3400000, 0x00000000e3300000| Untracked 
|  52|0x00000000e3400000, 0x00000000e3500000, 0x00000000e3500000|100%| O|  |TAMS 0x00000000e3500000, 0x00000000e3400000| Untracked 
|  53|0x00000000e3500000, 0x00000000e3600000, 0x00000000e3600000|100%| O|  |TAMS 0x00000000e3600000, 0x00000000e3500000| Untracked 
|  54|0x00000000e3600000, 0x00000000e3700000, 0x00000000e3700000|100%| O|  |TAMS 0x00000000e3700000, 0x00000000e3600000| Untracked 
|  55|0x00000000e3700000, 0x00000000e3800000, 0x00000000e3800000|100%| O|  |TAMS 0x00000000e3800000, 0x00000000e3700000| Untracked 
|  56|0x00000000e3800000, 0x00000000e3900000, 0x00000000e3900000|100%| O|  |TAMS 0x00000000e3900000, 0x00000000e3800000| Untracked 
|  57|0x00000000e3900000, 0x00000000e3a00000, 0x00000000e3a00000|100%| O|  |TAMS 0x00000000e3a00000, 0x00000000e3900000| Untracked 
|  58|0x00000000e3a00000, 0x00000000e3b00000, 0x00000000e3b00000|100%| O|  |TAMS 0x00000000e3b00000, 0x00000000e3a00000| Untracked 
|  59|0x00000000e3b00000, 0x00000000e3c00000, 0x00000000e3c00000|100%| O|  |TAMS 0x00000000e3c00000, 0x00000000e3b00000| Untracked 
|  60|0x00000000e3c00000, 0x00000000e3d00000, 0x00000000e3d00000|100%| O|  |TAMS 0x00000000e3d00000, 0x00000000e3c00000| Untracked 
|  61|0x00000000e3d00000, 0x00000000e3e00000, 0x00000000e3e00000|100%| O|  |TAMS 0x00000000e3e00000, 0x00000000e3d00000| Untracked 
|  62|0x00000000e3e00000, 0x00000000e3f00000, 0x00000000e3f00000|100%|HS|  |TAMS 0x00000000e3f00000, 0x00000000e3e00000| Complete 
|  63|0x00000000e3f00000, 0x00000000e4000000, 0x00000000e4000000|100%|HC|  |TAMS 0x00000000e4000000, 0x00000000e3f00000| Complete 
|  64|0x00000000e4000000, 0x00000000e4100000, 0x00000000e4100000|100%|HS|  |TAMS 0x00000000e4100000, 0x00000000e4000000| Complete 
|  65|0x00000000e4100000, 0x00000000e4200000, 0x00000000e4200000|100%|HC|  |TAMS 0x00000000e4200000, 0x00000000e4100000| Complete 
|  66|0x00000000e4200000, 0x00000000e4300000, 0x00000000e4300000|100%|HC|  |TAMS 0x00000000e4300000, 0x00000000e4200000| Complete 
|  67|0x00000000e4300000, 0x00000000e4400000, 0x00000000e4400000|100%| O|  |TAMS 0x00000000e4400000, 0x00000000e4300000| Untracked 
|  68|0x00000000e4400000, 0x00000000e4500000, 0x00000000e4500000|100%| O|  |TAMS 0x00000000e4500000, 0x00000000e4400000| Untracked 
|  69|0x00000000e4500000, 0x00000000e4600000, 0x00000000e4600000|100%| O|  |TAMS 0x00000000e4600000, 0x00000000e4500000| Untracked 
|  70|0x00000000e4600000, 0x00000000e4700000, 0x00000000e4700000|100%| O|  |TAMS 0x00000000e4700000, 0x00000000e4600000| Untracked 
|  71|0x00000000e4700000, 0x00000000e4800000, 0x00000000e4800000|100%| O|  |TAMS 0x00000000e4800000, 0x00000000e4700000| Untracked 
|  72|0x00000000e4800000, 0x00000000e4900000, 0x00000000e4900000|100%| O|  |TAMS 0x00000000e4900000, 0x00000000e4800000| Untracked 
|  73|0x00000000e4900000, 0x00000000e4a00000, 0x00000000e4a00000|100%| O|  |TAMS 0x00000000e4a00000, 0x00000000e4900000| Untracked 
|  74|0x00000000e4a00000, 0x00000000e4b00000, 0x00000000e4b00000|100%| O|  |TAMS 0x00000000e4b00000, 0x00000000e4a00000| Untracked 
|  75|0x00000000e4b00000, 0x00000000e4c00000, 0x00000000e4c00000|100%| O|  |TAMS 0x00000000e4c00000, 0x00000000e4b00000| Untracked 
|  76|0x00000000e4c00000, 0x00000000e4d00000, 0x00000000e4d00000|100%| O|  |TAMS 0x00000000e4d00000, 0x00000000e4c00000| Untracked 
|  77|0x00000000e4d00000, 0x00000000e4e00000, 0x00000000e4e00000|100%| O|  |TAMS 0x00000000e4e00000, 0x00000000e4d00000| Untracked 
|  78|0x00000000e4e00000, 0x00000000e4f00000, 0x00000000e4f00000|100%| O|  |TAMS 0x00000000e4f00000, 0x00000000e4e00000| Untracked 
|  79|0x00000000e4f00000, 0x00000000e4fec200, 0x00000000e5000000| 92%| O|  |TAMS 0x00000000e4fec200, 0x00000000e4f00000| Untracked 
|  80|0x00000000e5000000, 0x00000000e5000000, 0x00000000e5100000|  0%| F|  |TAMS 0x00000000e5000000, 0x00000000e5000000| Untracked 
|  81|0x00000000e5100000, 0x00000000e5100000, 0x00000000e5200000|  0%| F|  |TAMS 0x00000000e5100000, 0x00000000e5100000| Untracked 
|  82|0x00000000e5200000, 0x00000000e5200000, 0x00000000e5300000|  0%| F|  |TAMS 0x00000000e5200000, 0x00000000e5200000| Untracked 
|  83|0x00000000e5300000, 0x00000000e5300000, 0x00000000e5400000|  0%| F|  |TAMS 0x00000000e5300000, 0x00000000e5300000| Untracked 
|  84|0x00000000e5400000, 0x00000000e5400000, 0x00000000e5500000|  0%| F|  |TAMS 0x00000000e5400000, 0x00000000e5400000| Untracked 
|  85|0x00000000e5500000, 0x00000000e5500000, 0x00000000e5600000|  0%| F|  |TAMS 0x00000000e5500000, 0x00000000e5500000| Untracked 
|  86|0x00000000e5600000, 0x00000000e5600000, 0x00000000e5700000|  0%| F|  |TAMS 0x00000000e5600000, 0x00000000e5600000| Untracked 
|  87|0x00000000e5700000, 0x00000000e5700000, 0x00000000e5800000|  0%| F|  |TAMS 0x00000000e5700000, 0x00000000e5700000| Untracked 
|  88|0x00000000e5800000, 0x00000000e5800000, 0x00000000e5900000|  0%| F|  |TAMS 0x00000000e5800000, 0x00000000e5800000| Untracked 
|  89|0x00000000e5900000, 0x00000000e5900000, 0x00000000e5a00000|  0%| F|  |TAMS 0x00000000e5900000, 0x00000000e5900000| Untracked 
|  90|0x00000000e5a00000, 0x00000000e5a00000, 0x00000000e5b00000|  0%| F|  |TAMS 0x00000000e5a00000, 0x00000000e5a00000| Untracked 
|  91|0x00000000e5b00000, 0x00000000e5b00000, 0x00000000e5c00000|  0%| F|  |TAMS 0x00000000e5b00000, 0x00000000e5b00000| Untracked 
|  92|0x00000000e5c00000, 0x00000000e5c00000, 0x00000000e5d00000|  0%| F|  |TAMS 0x00000000e5c00000, 0x00000000e5c00000| Untracked 
|  93|0x00000000e5d00000, 0x00000000e5d00000, 0x00000000e5e00000|  0%| F|  |TAMS 0x00000000e5d00000, 0x00000000e5d00000| Untracked 
|  94|0x00000000e5e00000, 0x00000000e5e00000, 0x00000000e5f00000|  0%| F|  |TAMS 0x00000000e5e00000, 0x00000000e5e00000| Untracked 
|  95|0x00000000e5f00000, 0x00000000e5f00000, 0x00000000e6000000|  0%| F|  |TAMS 0x00000000e5f00000, 0x00000000e5f00000| Untracked 
|  96|0x00000000e6000000, 0x00000000e6000000, 0x00000000e6100000|  0%| F|  |TAMS 0x00000000e6000000, 0x00000000e6000000| Untracked 
|  97|0x00000000e6100000, 0x00000000e6100000, 0x00000000e6200000|  0%| F|  |TAMS 0x00000000e6100000, 0x00000000e6100000| Untracked 
|  98|0x00000000e6200000, 0x00000000e6200000, 0x00000000e6300000|  0%| F|  |TAMS 0x00000000e6200000, 0x00000000e6200000| Untracked 
|  99|0x00000000e6300000, 0x00000000e6300000, 0x00000000e6400000|  0%| F|  |TAMS 0x00000000e6300000, 0x00000000e6300000| Untracked 
| 100|0x00000000e6400000, 0x00000000e6400000, 0x00000000e6500000|  0%| F|  |TAMS 0x00000000e6400000, 0x00000000e6400000| Untracked 
| 101|0x00000000e6500000, 0x00000000e6500000, 0x00000000e6600000|  0%| F|  |TAMS 0x00000000e6500000, 0x00000000e6500000| Untracked 
| 102|0x00000000e6600000, 0x00000000e6600000, 0x00000000e6700000|  0%| F|  |TAMS 0x00000000e6600000, 0x00000000e6600000| Untracked 
| 103|0x00000000e6700000, 0x00000000e6700000, 0x00000000e6800000|  0%| F|  |TAMS 0x00000000e6700000, 0x00000000e6700000| Untracked 
| 104|0x00000000e6800000, 0x00000000e6800000, 0x00000000e6900000|  0%| F|  |TAMS 0x00000000e6800000, 0x00000000e6800000| Untracked 
| 105|0x00000000e6900000, 0x00000000e6900000, 0x00000000e6a00000|  0%| F|  |TAMS 0x00000000e6900000, 0x00000000e6900000| Untracked 
| 106|0x00000000e6a00000, 0x00000000e6a00000, 0x00000000e6b00000|  0%| F|  |TAMS 0x00000000e6a00000, 0x00000000e6a00000| Untracked 
| 107|0x00000000e6b00000, 0x00000000e6b00000, 0x00000000e6c00000|  0%| F|  |TAMS 0x00000000e6b00000, 0x00000000e6b00000| Untracked 
| 108|0x00000000e6c00000, 0x00000000e6c00000, 0x00000000e6d00000|  0%| F|  |TAMS 0x00000000e6c00000, 0x00000000e6c00000| Untracked 
| 109|0x00000000e6d00000, 0x00000000e6d00000, 0x00000000e6e00000|  0%| F|  |TAMS 0x00000000e6d00000, 0x00000000e6d00000| Untracked 
| 110|0x00000000e6e00000, 0x00000000e6e00000, 0x00000000e6f00000|  0%| F|  |TAMS 0x00000000e6e00000, 0x00000000e6e00000| Untracked 
| 111|0x00000000e6f00000, 0x00000000e6f00000, 0x00000000e7000000|  0%| F|  |TAMS 0x00000000e6f00000, 0x00000000e6f00000| Untracked 
| 112|0x00000000e7000000, 0x00000000e7000000, 0x00000000e7100000|  0%| F|  |TAMS 0x00000000e7000000, 0x00000000e7000000| Untracked 
| 113|0x00000000e7100000, 0x00000000e7100000, 0x00000000e7200000|  0%| F|  |TAMS 0x00000000e7100000, 0x00000000e7100000| Untracked 
| 114|0x00000000e7200000, 0x00000000e7200000, 0x00000000e7300000|  0%| F|  |TAMS 0x00000000e7200000, 0x00000000e7200000| Untracked 
| 115|0x00000000e7300000, 0x00000000e7300000, 0x00000000e7400000|  0%| F|  |TAMS 0x00000000e7300000, 0x00000000e7300000| Untracked 
| 116|0x00000000e7400000, 0x00000000e7400000, 0x00000000e7500000|  0%| F|  |TAMS 0x00000000e7400000, 0x00000000e7400000| Untracked 
| 117|0x00000000e7500000, 0x00000000e7500000, 0x00000000e7600000|  0%| F|  |TAMS 0x00000000e7500000, 0x00000000e7500000| Untracked 
| 118|0x00000000e7600000, 0x00000000e7600000, 0x00000000e7700000|  0%| F|  |TAMS 0x00000000e7600000, 0x00000000e7600000| Untracked 
| 119|0x00000000e7700000, 0x00000000e7800000, 0x00000000e7800000|100%| S|CS|TAMS 0x00000000e7700000, 0x00000000e7700000| Complete 
| 120|0x00000000e7800000, 0x00000000e7900000, 0x00000000e7900000|100%| S|CS|TAMS 0x00000000e7800000, 0x00000000e7800000| Complete 
| 121|0x00000000e7900000, 0x00000000e7a00000, 0x00000000e7a00000|100%| S|CS|TAMS 0x00000000e7900000, 0x00000000e7900000| Complete 
| 122|0x00000000e7a00000, 0x00000000e7b00000, 0x00000000e7b00000|100%| S|CS|TAMS 0x00000000e7a00000, 0x00000000e7a00000| Complete 
| 123|0x00000000e7b00000, 0x00000000e7c00000, 0x00000000e7c00000|100%| S|CS|TAMS 0x00000000e7b00000, 0x00000000e7b00000| Complete 
| 124|0x00000000e7c00000, 0x00000000e7d00000, 0x00000000e7d00000|100%| S|CS|TAMS 0x00000000e7c00000, 0x00000000e7c00000| Complete 
| 125|0x00000000e7d00000, 0x00000000e7e00000, 0x00000000e7e00000|100%| S|CS|TAMS 0x00000000e7d00000, 0x00000000e7d00000| Complete 
| 126|0x00000000e7e00000, 0x00000000e7f00000, 0x00000000e7f00000|100%| S|CS|TAMS 0x00000000e7e00000, 0x00000000e7e00000| Complete 
| 127|0x00000000e7f00000, 0x00000000e8000000, 0x00000000e8000000|100%| S|CS|TAMS 0x00000000e7f00000, 0x00000000e7f00000| Complete 
| 128|0x00000000e8000000, 0x00000000e8100000, 0x00000000e8100000|100%| S|CS|TAMS 0x00000000e8000000, 0x00000000e8000000| Complete 
| 129|0x00000000e8100000, 0x00000000e8200000, 0x00000000e8200000|100%| S|CS|TAMS 0x00000000e8100000, 0x00000000e8100000| Complete 
| 130|0x00000000e8200000, 0x00000000e8300000, 0x00000000e8300000|100%| S|CS|TAMS 0x00000000e8200000, 0x00000000e8200000| Complete 
| 131|0x00000000e8300000, 0x00000000e8400000, 0x00000000e8400000|100%| S|CS|TAMS 0x00000000e8300000, 0x00000000e8300000| Complete 
| 132|0x00000000e8400000, 0x00000000e8500000, 0x00000000e8500000|100%| S|CS|TAMS 0x00000000e8400000, 0x00000000e8400000| Complete 
| 133|0x00000000e8500000, 0x00000000e8600000, 0x00000000e8600000|100%| S|CS|TAMS 0x00000000e8500000, 0x00000000e8500000| Complete 
| 134|0x00000000e8600000, 0x00000000e8700000, 0x00000000e8700000|100%| S|CS|TAMS 0x00000000e8600000, 0x00000000e8600000| Complete 
| 135|0x00000000e8700000, 0x00000000e8700000, 0x00000000e8800000|  0%| F|  |TAMS 0x00000000e8700000, 0x00000000e8700000| Untracked 
| 136|0x00000000e8800000, 0x00000000e8800000, 0x00000000e8900000|  0%| F|  |TAMS 0x00000000e8800000, 0x00000000e8800000| Untracked 
| 137|0x00000000e8900000, 0x00000000e8900000, 0x00000000e8a00000|  0%| F|  |TAMS 0x00000000e8900000, 0x00000000e8900000| Untracked 
| 138|0x00000000e8a00000, 0x00000000e8a00000, 0x00000000e8b00000|  0%| F|  |TAMS 0x00000000e8a00000, 0x00000000e8a00000| Untracked 
| 139|0x00000000e8b00000, 0x00000000e8b00000, 0x00000000e8c00000|  0%| F|  |TAMS 0x00000000e8b00000, 0x00000000e8b00000| Untracked 
| 140|0x00000000e8c00000, 0x00000000e8c00000, 0x00000000e8d00000|  0%| F|  |TAMS 0x00000000e8c00000, 0x00000000e8c00000| Untracked 
| 141|0x00000000e8d00000, 0x00000000e8d00000, 0x00000000e8e00000|  0%| F|  |TAMS 0x00000000e8d00000, 0x00000000e8d00000| Untracked 
| 142|0x00000000e8e00000, 0x00000000e8e00000, 0x00000000e8f00000|  0%| F|  |TAMS 0x00000000e8e00000, 0x00000000e8e00000| Untracked 
| 143|0x00000000e8f00000, 0x00000000e8f00000, 0x00000000e9000000|  0%| F|  |TAMS 0x00000000e8f00000, 0x00000000e8f00000| Untracked 
| 144|0x00000000e9000000, 0x00000000e9000000, 0x00000000e9100000|  0%| F|  |TAMS 0x00000000e9000000, 0x00000000e9000000| Untracked 
| 145|0x00000000e9100000, 0x00000000e9100000, 0x00000000e9200000|  0%| F|  |TAMS 0x00000000e9100000, 0x00000000e9100000| Untracked 
| 146|0x00000000e9200000, 0x00000000e9200000, 0x00000000e9300000|  0%| F|  |TAMS 0x00000000e9200000, 0x00000000e9200000| Untracked 
| 147|0x00000000e9300000, 0x00000000e9300000, 0x00000000e9400000|  0%| F|  |TAMS 0x00000000e9300000, 0x00000000e9300000| Untracked 
| 148|0x00000000e9400000, 0x00000000e9400000, 0x00000000e9500000|  0%| F|  |TAMS 0x00000000e9400000, 0x00000000e9400000| Untracked 
| 149|0x00000000e9500000, 0x00000000e9500000, 0x00000000e9600000|  0%| F|  |TAMS 0x00000000e9500000, 0x00000000e9500000| Untracked 
| 150|0x00000000e9600000, 0x00000000e9600000, 0x00000000e9700000|  0%| F|  |TAMS 0x00000000e9600000, 0x00000000e9600000| Untracked 
| 151|0x00000000e9700000, 0x00000000e9700000, 0x00000000e9800000|  0%| F|  |TAMS 0x00000000e9700000, 0x00000000e9700000| Untracked 
| 152|0x00000000e9800000, 0x00000000e9800000, 0x00000000e9900000|  0%| F|  |TAMS 0x00000000e9800000, 0x00000000e9800000| Untracked 
| 153|0x00000000e9900000, 0x00000000e9900000, 0x00000000e9a00000|  0%| F|  |TAMS 0x00000000e9900000, 0x00000000e9900000| Untracked 
| 154|0x00000000e9a00000, 0x00000000e9a00000, 0x00000000e9b00000|  0%| F|  |TAMS 0x00000000e9a00000, 0x00000000e9a00000| Untracked 
| 155|0x00000000e9b00000, 0x00000000e9b00000, 0x00000000e9c00000|  0%| F|  |TAMS 0x00000000e9b00000, 0x00000000e9b00000| Untracked 
| 156|0x00000000e9c00000, 0x00000000e9c00000, 0x00000000e9d00000|  0%| F|  |TAMS 0x00000000e9c00000, 0x00000000e9c00000| Untracked 
| 157|0x00000000e9d00000, 0x00000000e9d00000, 0x00000000e9e00000|  0%| F|  |TAMS 0x00000000e9d00000, 0x00000000e9d00000| Untracked 
| 158|0x00000000e9e00000, 0x00000000e9e00000, 0x00000000e9f00000|  0%| F|  |TAMS 0x00000000e9e00000, 0x00000000e9e00000| Untracked 
| 159|0x00000000e9f00000, 0x00000000e9f00000, 0x00000000ea000000|  0%| F|  |TAMS 0x00000000e9f00000, 0x00000000e9f00000| Untracked 
| 160|0x00000000ea000000, 0x00000000ea000000, 0x00000000ea100000|  0%| F|  |TAMS 0x00000000ea000000, 0x00000000ea000000| Untracked 
| 161|0x00000000ea100000, 0x00000000ea100000, 0x00000000ea200000|  0%| F|  |TAMS 0x00000000ea100000, 0x00000000ea100000| Untracked 
| 162|0x00000000ea200000, 0x00000000ea200000, 0x00000000ea300000|  0%| F|  |TAMS 0x00000000ea200000, 0x00000000ea200000| Untracked 
| 163|0x00000000ea300000, 0x00000000ea300000, 0x00000000ea400000|  0%| F|  |TAMS 0x00000000ea300000, 0x00000000ea300000| Untracked 
| 164|0x00000000ea400000, 0x00000000ea400000, 0x00000000ea500000|  0%| F|  |TAMS 0x00000000ea400000, 0x00000000ea400000| Untracked 
| 165|0x00000000ea500000, 0x00000000ea500000, 0x00000000ea600000|  0%| F|  |TAMS 0x00000000ea500000, 0x00000000ea500000| Untracked 
| 166|0x00000000ea600000, 0x00000000ea600000, 0x00000000ea700000|  0%| F|  |TAMS 0x00000000ea600000, 0x00000000ea600000| Untracked 
| 167|0x00000000ea700000, 0x00000000ea700000, 0x00000000ea800000|  0%| F|  |TAMS 0x00000000ea700000, 0x00000000ea700000| Untracked 
| 168|0x00000000ea800000, 0x00000000ea800000, 0x00000000ea900000|  0%| F|  |TAMS 0x00000000ea800000, 0x00000000ea800000| Untracked 
| 169|0x00000000ea900000, 0x00000000ea900000, 0x00000000eaa00000|  0%| F|  |TAMS 0x00000000ea900000, 0x00000000ea900000| Untracked 
| 170|0x00000000eaa00000, 0x00000000eaa00000, 0x00000000eab00000|  0%| F|  |TAMS 0x00000000eaa00000, 0x00000000eaa00000| Untracked 
| 171|0x00000000eab00000, 0x00000000eab00000, 0x00000000eac00000|  0%| F|  |TAMS 0x00000000eab00000, 0x00000000eab00000| Untracked 
| 172|0x00000000eac00000, 0x00000000eac00000, 0x00000000ead00000|  0%| F|  |TAMS 0x00000000eac00000, 0x00000000eac00000| Untracked 
| 173|0x00000000ead00000, 0x00000000ead00000, 0x00000000eae00000|  0%| F|  |TAMS 0x00000000ead00000, 0x00000000ead00000| Untracked 
| 174|0x00000000eae00000, 0x00000000eae00000, 0x00000000eaf00000|  0%| F|  |TAMS 0x00000000eae00000, 0x00000000eae00000| Untracked 
| 175|0x00000000eaf00000, 0x00000000eaf00000, 0x00000000eb000000|  0%| F|  |TAMS 0x00000000eaf00000, 0x00000000eaf00000| Untracked 
| 176|0x00000000eb000000, 0x00000000eb000000, 0x00000000eb100000|  0%| F|  |TAMS 0x00000000eb000000, 0x00000000eb000000| Untracked 
| 177|0x00000000eb100000, 0x00000000eb100000, 0x00000000eb200000|  0%| F|  |TAMS 0x00000000eb100000, 0x00000000eb100000| Untracked 
| 178|0x00000000eb200000, 0x00000000eb200000, 0x00000000eb300000|  0%| F|  |TAMS 0x00000000eb200000, 0x00000000eb200000| Untracked 
| 179|0x00000000eb300000, 0x00000000eb300000, 0x00000000eb400000|  0%| F|  |TAMS 0x00000000eb300000, 0x00000000eb300000| Untracked 
| 180|0x00000000eb400000, 0x00000000eb400000, 0x00000000eb500000|  0%| F|  |TAMS 0x00000000eb400000, 0x00000000eb400000| Untracked 
| 181|0x00000000eb500000, 0x00000000eb500000, 0x00000000eb600000|  0%| F|  |TAMS 0x00000000eb500000, 0x00000000eb500000| Untracked 
| 182|0x00000000eb600000, 0x00000000eb600000, 0x00000000eb700000|  0%| F|  |TAMS 0x00000000eb600000, 0x00000000eb600000| Untracked 
| 183|0x00000000eb700000, 0x00000000eb700000, 0x00000000eb800000|  0%| F|  |TAMS 0x00000000eb700000, 0x00000000eb700000| Untracked 
| 184|0x00000000eb800000, 0x00000000eb800000, 0x00000000eb900000|  0%| F|  |TAMS 0x00000000eb800000, 0x00000000eb800000| Untracked 
| 185|0x00000000eb900000, 0x00000000eb900000, 0x00000000eba00000|  0%| F|  |TAMS 0x00000000eb900000, 0x00000000eb900000| Untracked 
| 186|0x00000000eba00000, 0x00000000eba00000, 0x00000000ebb00000|  0%| F|  |TAMS 0x00000000eba00000, 0x00000000eba00000| Untracked 
| 187|0x00000000ebb00000, 0x00000000ebb00000, 0x00000000ebc00000|  0%| F|  |TAMS 0x00000000ebb00000, 0x00000000ebb00000| Untracked 
| 188|0x00000000ebc00000, 0x00000000ebc00000, 0x00000000ebd00000|  0%| F|  |TAMS 0x00000000ebc00000, 0x00000000ebc00000| Untracked 
| 189|0x00000000ebd00000, 0x00000000ebd00000, 0x00000000ebe00000|  0%| F|  |TAMS 0x00000000ebd00000, 0x00000000ebd00000| Untracked 
| 190|0x00000000ebe00000, 0x00000000ebe00000, 0x00000000ebf00000|  0%| F|  |TAMS 0x00000000ebe00000, 0x00000000ebe00000| Untracked 
| 191|0x00000000ebf00000, 0x00000000ebf00000, 0x00000000ec000000|  0%| F|  |TAMS 0x00000000ebf00000, 0x00000000ebf00000| Untracked 
| 192|0x00000000ec000000, 0x00000000ec000000, 0x00000000ec100000|  0%| F|  |TAMS 0x00000000ec000000, 0x00000000ec000000| Untracked 
| 193|0x00000000ec100000, 0x00000000ec100000, 0x00000000ec200000|  0%| F|  |TAMS 0x00000000ec100000, 0x00000000ec100000| Untracked 
| 194|0x00000000ec200000, 0x00000000ec200000, 0x00000000ec300000|  0%| F|  |TAMS 0x00000000ec200000, 0x00000000ec200000| Untracked 
| 195|0x00000000ec300000, 0x00000000ec300000, 0x00000000ec400000|  0%| F|  |TAMS 0x00000000ec300000, 0x00000000ec300000| Untracked 
| 196|0x00000000ec400000, 0x00000000ec400000, 0x00000000ec500000|  0%| F|  |TAMS 0x00000000ec400000, 0x00000000ec400000| Untracked 
| 197|0x00000000ec500000, 0x00000000ec500000, 0x00000000ec600000|  0%| F|  |TAMS 0x00000000ec500000, 0x00000000ec500000| Untracked 
| 198|0x00000000ec600000, 0x00000000ec600000, 0x00000000ec700000|  0%| F|  |TAMS 0x00000000ec600000, 0x00000000ec600000| Untracked 
| 199|0x00000000ec700000, 0x00000000ec700000, 0x00000000ec800000|  0%| F|  |TAMS 0x00000000ec700000, 0x00000000ec700000| Untracked 
| 200|0x00000000ec800000, 0x00000000ec800000, 0x00000000ec900000|  0%| F|  |TAMS 0x00000000ec800000, 0x00000000ec800000| Untracked 
| 201|0x00000000ec900000, 0x00000000ec900000, 0x00000000eca00000|  0%| F|  |TAMS 0x00000000ec900000, 0x00000000ec900000| Untracked 
| 202|0x00000000eca00000, 0x00000000eca00000, 0x00000000ecb00000|  0%| F|  |TAMS 0x00000000eca00000, 0x00000000eca00000| Untracked 
| 203|0x00000000ecb00000, 0x00000000ecb00000, 0x00000000ecc00000|  0%| F|  |TAMS 0x00000000ecb00000, 0x00000000ecb00000| Untracked 
| 204|0x00000000ecc00000, 0x00000000ecc00000, 0x00000000ecd00000|  0%| F|  |TAMS 0x00000000ecc00000, 0x00000000ecc00000| Untracked 
| 205|0x00000000ecd00000, 0x00000000ecd00000, 0x00000000ece00000|  0%| F|  |TAMS 0x00000000ecd00000, 0x00000000ecd00000| Untracked 
| 206|0x00000000ece00000, 0x00000000ece00000, 0x00000000ecf00000|  0%| F|  |TAMS 0x00000000ece00000, 0x00000000ece00000| Untracked 
| 207|0x00000000ecf00000, 0x00000000ecf00000, 0x00000000ed000000|  0%| F|  |TAMS 0x00000000ecf00000, 0x00000000ecf00000| Untracked 
| 208|0x00000000ed000000, 0x00000000ed000000, 0x00000000ed100000|  0%| F|  |TAMS 0x00000000ed000000, 0x00000000ed000000| Untracked 
| 209|0x00000000ed100000, 0x00000000ed100000, 0x00000000ed200000|  0%| F|  |TAMS 0x00000000ed100000, 0x00000000ed100000| Untracked 
| 210|0x00000000ed200000, 0x00000000ed200000, 0x00000000ed300000|  0%| F|  |TAMS 0x00000000ed200000, 0x00000000ed200000| Untracked 
| 211|0x00000000ed300000, 0x00000000ed300000, 0x00000000ed400000|  0%| F|  |TAMS 0x00000000ed300000, 0x00000000ed300000| Untracked 
| 212|0x00000000ed400000, 0x00000000ed400000, 0x00000000ed500000|  0%| F|  |TAMS 0x00000000ed400000, 0x00000000ed400000| Untracked 
| 213|0x00000000ed500000, 0x00000000ed500000, 0x00000000ed600000|  0%| F|  |TAMS 0x00000000ed500000, 0x00000000ed500000| Untracked 
| 214|0x00000000ed600000, 0x00000000ed600000, 0x00000000ed700000|  0%| F|  |TAMS 0x00000000ed600000, 0x00000000ed600000| Untracked 
| 215|0x00000000ed700000, 0x00000000ed700000, 0x00000000ed800000|  0%| F|  |TAMS 0x00000000ed700000, 0x00000000ed700000| Untracked 
| 216|0x00000000ed800000, 0x00000000ed800000, 0x00000000ed900000|  0%| F|  |TAMS 0x00000000ed800000, 0x00000000ed800000| Untracked 
| 217|0x00000000ed900000, 0x00000000ed900000, 0x00000000eda00000|  0%| F|  |TAMS 0x00000000ed900000, 0x00000000ed900000| Untracked 
| 218|0x00000000eda00000, 0x00000000eda00000, 0x00000000edb00000|  0%| F|  |TAMS 0x00000000eda00000, 0x00000000eda00000| Untracked 
| 219|0x00000000edb00000, 0x00000000edb00000, 0x00000000edc00000|  0%| F|  |TAMS 0x00000000edb00000, 0x00000000edb00000| Untracked 
| 220|0x00000000edc00000, 0x00000000edc00000, 0x00000000edd00000|  0%| F|  |TAMS 0x00000000edc00000, 0x00000000edc00000| Untracked 
| 221|0x00000000edd00000, 0x00000000edd00000, 0x00000000ede00000|  0%| F|  |TAMS 0x00000000edd00000, 0x00000000edd00000| Untracked 
| 222|0x00000000ede00000, 0x00000000ede00000, 0x00000000edf00000|  0%| F|  |TAMS 0x00000000ede00000, 0x00000000ede00000| Untracked 
| 223|0x00000000edf00000, 0x00000000edf00000, 0x00000000ee000000|  0%| F|  |TAMS 0x00000000edf00000, 0x00000000edf00000| Untracked 
| 224|0x00000000ee000000, 0x00000000ee000000, 0x00000000ee100000|  0%| F|  |TAMS 0x00000000ee000000, 0x00000000ee000000| Untracked 
| 225|0x00000000ee100000, 0x00000000ee100000, 0x00000000ee200000|  0%| F|  |TAMS 0x00000000ee100000, 0x00000000ee100000| Untracked 
| 226|0x00000000ee200000, 0x00000000ee200000, 0x00000000ee300000|  0%| F|  |TAMS 0x00000000ee200000, 0x00000000ee200000| Untracked 
| 227|0x00000000ee300000, 0x00000000ee300000, 0x00000000ee400000|  0%| F|  |TAMS 0x00000000ee300000, 0x00000000ee300000| Untracked 
| 228|0x00000000ee400000, 0x00000000ee400000, 0x00000000ee500000|  0%| F|  |TAMS 0x00000000ee400000, 0x00000000ee400000| Untracked 
| 229|0x00000000ee500000, 0x00000000ee500000, 0x00000000ee600000|  0%| F|  |TAMS 0x00000000ee500000, 0x00000000ee500000| Untracked 
| 230|0x00000000ee600000, 0x00000000ee600000, 0x00000000ee700000|  0%| F|  |TAMS 0x00000000ee600000, 0x00000000ee600000| Untracked 
| 231|0x00000000ee700000, 0x00000000ee700000, 0x00000000ee800000|  0%| F|  |TAMS 0x00000000ee700000, 0x00000000ee700000| Untracked 
| 232|0x00000000ee800000, 0x00000000ee880800, 0x00000000ee900000| 50%| E|  |TAMS 0x00000000ee800000, 0x00000000ee800000| Complete 
| 233|0x00000000ee900000, 0x00000000eea00000, 0x00000000eea00000|100%| E|CS|TAMS 0x00000000ee900000, 0x00000000ee900000| Complete 
| 234|0x00000000eea00000, 0x00000000eeb00000, 0x00000000eeb00000|100%| E|CS|TAMS 0x00000000eea00000, 0x00000000eea00000| Complete 
| 235|0x00000000eeb00000, 0x00000000eec00000, 0x00000000eec00000|100%| E|CS|TAMS 0x00000000eeb00000, 0x00000000eeb00000| Complete 
| 236|0x00000000eec00000, 0x00000000eed00000, 0x00000000eed00000|100%| E|CS|TAMS 0x00000000eec00000, 0x00000000eec00000| Complete 
| 237|0x00000000eed00000, 0x00000000eee00000, 0x00000000eee00000|100%| E|CS|TAMS 0x00000000eed00000, 0x00000000eed00000| Complete 
| 238|0x00000000eee00000, 0x00000000eef00000, 0x00000000eef00000|100%| E|CS|TAMS 0x00000000eee00000, 0x00000000eee00000| Complete 
| 239|0x00000000eef00000, 0x00000000ef000000, 0x00000000ef000000|100%| E|CS|TAMS 0x00000000eef00000, 0x00000000eef00000| Complete 
| 240|0x00000000ef000000, 0x00000000ef100000, 0x00000000ef100000|100%| E|CS|TAMS 0x00000000ef000000, 0x00000000ef000000| Complete 
| 241|0x00000000ef100000, 0x00000000ef200000, 0x00000000ef200000|100%| E|CS|TAMS 0x00000000ef100000, 0x00000000ef100000| Complete 
| 242|0x00000000ef200000, 0x00000000ef300000, 0x00000000ef300000|100%| E|CS|TAMS 0x00000000ef200000, 0x00000000ef200000| Complete 
| 243|0x00000000ef300000, 0x00000000ef400000, 0x00000000ef400000|100%| E|CS|TAMS 0x00000000ef300000, 0x00000000ef300000| Complete 
| 244|0x00000000ef400000, 0x00000000ef500000, 0x00000000ef500000|100%| E|CS|TAMS 0x00000000ef400000, 0x00000000ef400000| Complete 
| 245|0x00000000ef500000, 0x00000000ef600000, 0x00000000ef600000|100%| E|CS|TAMS 0x00000000ef500000, 0x00000000ef500000| Complete 
| 246|0x00000000ef600000, 0x00000000ef700000, 0x00000000ef700000|100%| E|CS|TAMS 0x00000000ef600000, 0x00000000ef600000| Complete 
| 247|0x00000000ef700000, 0x00000000ef800000, 0x00000000ef800000|100%| E|CS|TAMS 0x00000000ef700000, 0x00000000ef700000| Complete 
| 248|0x00000000ef800000, 0x00000000ef900000, 0x00000000ef900000|100%| E|CS|TAMS 0x00000000ef800000, 0x00000000ef800000| Complete 
| 249|0x00000000ef900000, 0x00000000efa00000, 0x00000000efa00000|100%| E|CS|TAMS 0x00000000ef900000, 0x00000000ef900000| Complete 
| 250|0x00000000efa00000, 0x00000000efb00000, 0x00000000efb00000|100%| E|CS|TAMS 0x00000000efa00000, 0x00000000efa00000| Complete 
| 251|0x00000000efb00000, 0x00000000efc00000, 0x00000000efc00000|100%| E|CS|TAMS 0x00000000efb00000, 0x00000000efb00000| Complete 
| 252|0x00000000efc00000, 0x00000000efd00000, 0x00000000efd00000|100%| E|CS|TAMS 0x00000000efc00000, 0x00000000efc00000| Complete 
| 253|0x00000000efd00000, 0x00000000efe00000, 0x00000000efe00000|100%| E|CS|TAMS 0x00000000efd00000, 0x00000000efd00000| Complete 
| 254|0x00000000efe00000, 0x00000000eff00000, 0x00000000eff00000|100%| E|CS|TAMS 0x00000000efe00000, 0x00000000efe00000| Complete 
| 255|0x00000000eff00000, 0x00000000f0000000, 0x00000000f0000000|100%| E|CS|TAMS 0x00000000eff00000, 0x00000000eff00000| Complete 

Card table byte_map: [0x0000021cf8b70000,0x0000021cf8c70000] _byte_map_base: 0x0000021cf8470000

Marking Bits (Prev, Next): (CMBitMap*) 0x0000021ce5e8f7a0, (CMBitMap*) 0x0000021ce5e8f768
 Prev Bits: [0x0000021cf9570000, 0x0000021cf9d70000)
 Next Bits: [0x0000021cf8d70000, 0x0000021cf9570000)

Polling page: 0x0000021ce3db0000

Metaspace:

Usage:
  Non-class:     68.14 MB capacity,    65.46 MB ( 96%) used,     2.47 MB (  4%) free+waste,   216.19 KB ( <1%) overhead. 
      Class:     11.15 MB capacity,     9.82 MB ( 88%) used,     1.22 MB ( 11%) free+waste,   106.81 KB ( <1%) overhead. 
       Both:     79.29 MB capacity,    75.28 MB ( 95%) used,     3.70 MB (  5%) free+waste,   323.00 KB ( <1%) overhead. 

Virtual space:
  Non-class space:       70.00 MB reserved,      68.17 MB ( 97%) committed 
      Class space:      248.00 MB reserved,      11.25 MB (  5%) committed 
             Both:      318.00 MB reserved,      79.42 MB ( 25%) committed 

Chunk freelists:
   Non-Class:  28.00 KB
       Class:  0 bytes
        Both:  28.00 KB

MaxMetaspaceSize: 256.00 MB
CompressedClassSpaceSize: 248.00 MB

CodeHeap 'non-profiled nmethods': size=120064Kb used=5317Kb max_used=5317Kb free=114746Kb
 bounds [0x0000021cf1420000, 0x0000021cf1960000, 0x0000021cf8960000]
CodeHeap 'profiled nmethods': size=120000Kb used=19774Kb max_used=19774Kb free=100225Kb
 bounds [0x0000021ce9ef0000, 0x0000021ceb240000, 0x0000021cf1420000]
CodeHeap 'non-nmethods': size=5696Kb used=2261Kb max_used=2317Kb free=3435Kb
 bounds [0x0000021ce9960000, 0x0000021ce9bd0000, 0x0000021ce9ef0000]
 total_blobs=9616 nmethods=8764 adapters=762
 compilation: enabled
              stopped_count=0, restarted_count=0
 full_count=0

Compilation events (20 events):
Event: 30.712 Thread 0x0000021cfc5c9000 8713       3       java.util.TreeSet::size (10 bytes)
Event: 30.712 Thread 0x0000021cfc5c9000 nmethod 8713 0x0000021ceb20fe10 code [0x0000021ceb20ffc0, 0x0000021ceb210188]
Event: 30.714 Thread 0x0000021cfc5c9000 8714       1       org.jetbrains.kotlin.gradle.plugin.mpp.KotlinAndroidTarget::getTargetName (5 bytes)
Event: 30.714 Thread 0x0000021cfc5c9000 nmethod 8714 0x0000021cf1950210 code [0x0000021cf19503c0, 0x0000021cf1950478]
Event: 30.714 Thread 0x0000021cfc5c9000 8716       3       kotlin.collections.CollectionsKt__CollectionsKt::listOfNotNull (11 bytes)
Event: 30.714 Thread 0x0000021cfc5c9000 nmethod 8716 0x0000021ceb210290 code [0x0000021ceb2104c0, 0x0000021ceb210b28]
Event: 30.714 Thread 0x0000021cfc5c9000 8717       3       kotlin.collections.ArraysKt___ArraysKt::filterNotNull (25 bytes)
Event: 30.714 Thread 0x0000021cfc5c9000 nmethod 8717 0x0000021ceb210d90 code [0x0000021ceb210fa0, 0x0000021ceb2114d8]
Event: 30.714 Thread 0x0000021cfc5c9000 8718       3       org.gradle.api.internal.initialization.DefaultClassLoaderScope::buildEffectiveLoaders (449 bytes)
Event: 30.717 Thread 0x0000021cfc5c9000 nmethod 8718 0x0000021ceb211690 code [0x0000021ceb211d60, 0x0000021ceb215c58]
Event: 30.718 Thread 0x0000021cfc5c9000 8719       3       org.jetbrains.kotlin.gradle.plugin.sources.DefaultKotlinSourceSetKt::disambiguateName (144 bytes)
Event: 30.719 Thread 0x0000021cfc5c9000 nmethod 8719 0x0000021ceb217090 code [0x0000021ceb2173c0, 0x0000021ceb218878]
Event: 30.721 Thread 0x0000021cfc5c9000 8720       3       org.gradle.util.GradleVersion::current (4 bytes)
Event: 30.721 Thread 0x0000021cfc5c9000 nmethod 8720 0x0000021ceb218f10 code [0x0000021ceb2190c0, 0x0000021ceb2191b8]
Event: 30.721 Thread 0x0000021cfc5c9000 8721       3       kotlin.text.MatcherMatchResult$groups$1::getSize (15 bytes)
Event: 30.721 Thread 0x0000021cfc5c9000 nmethod 8721 0x0000021ceb219290 code [0x0000021ceb219460, 0x0000021ceb2196b8]
Event: 30.721 Thread 0x0000021cfc5c9000 8722   !   3       org.jetbrains.kotlin.gradle.utils.ParsedGradleVersion$Companion::parseIntOrNull (21 bytes)
Event: 30.721 Thread 0x0000021cfc5c9000 nmethod 8722 0x0000021ceb219810 code [0x0000021ceb219a00, 0x0000021ceb219e48]
Event: 30.721 Thread 0x0000021cfc5c9000 8723       3       org.jetbrains.kotlin.gradle.utils.ParsedGradleVersion::<init> (15 bytes)
Event: 30.721 Thread 0x0000021cfc5c9000 nmethod 8723 0x0000021ceb21a090 code [0x0000021ceb21a240, 0x0000021ceb21a398]

GC Heap History (18 events):
Event: 0.608 GC heap before
{Heap before GC invocations=0 (full 0):
 garbage-first heap   total 262144K, used 27648K [0x00000000e0000000, 0x0000000100000000)
  region size 1024K, 22 young (22528K), 0 survivors (0K)
 Metaspace       used 9908K, capacity 10096K, committed 10368K, reserved 264192K
  class space    used 1031K, capacity 1092K, committed 1152K, reserved 253952K
}
Event: 0.612 GC heap after
{Heap after GC invocations=1 (full 0):
 garbage-first heap   total 262144K, used 8322K [0x00000000e0000000, 0x0000000100000000)
  region size 1024K, 3 young (3072K), 3 survivors (3072K)
 Metaspace       used 9908K, capacity 10096K, committed 10368K, reserved 264192K
  class space    used 1031K, capacity 1092K, committed 1152K, reserved 253952K
}
Event: 2.027 GC heap before
{Heap before GC invocations=1 (full 0):
 garbage-first heap   total 262144K, used 89218K [0x00000000e0000000, 0x0000000100000000)
  region size 1024K, 84 young (86016K), 3 survivors (3072K)
 Metaspace       used 20701K, capacity 21185K, committed 21296K, reserved 274432K
  class space    used 2472K, capacity 2639K, committed 2688K, reserved 253952K
}
Event: 2.034 GC heap after
{Heap after GC invocations=2 (full 0):
 garbage-first heap   total 262144K, used 15927K [0x00000000e0000000, 0x0000000100000000)
  region size 1024K, 11 young (11264K), 11 survivors (11264K)
 Metaspace       used 20701K, capacity 21185K, committed 21296K, reserved 274432K
  class space    used 2472K, capacity 2639K, committed 2688K, reserved 253952K
}
Event: 2.651 GC heap before
{Heap before GC invocations=3 (full 0):
 garbage-first heap   total 262144K, used 74295K [0x00000000e0000000, 0x0000000100000000)
  region size 1024K, 59 young (60416K), 11 survivors (11264K)
 Metaspace       used 26745K, capacity 27415K, committed 27440K, reserved 278528K
  class space    used 3439K, capacity 3712K, committed 3712K, reserved 253952K
}
Event: 2.660 GC heap after
{Heap after GC invocations=4 (full 0):
 garbage-first heap   total 262144K, used 30025K [0x00000000e0000000, 0x0000000100000000)
  region size 1024K, 4 young (4096K), 4 survivors (4096K)
 Metaspace       used 26745K, capacity 27415K, committed 27440K, reserved 278528K
  class space    used 3439K, capacity 3712K, committed 3712K, reserved 253952K
}
Event: 3.319 GC heap before
{Heap before GC invocations=4 (full 0):
 garbage-first heap   total 262144K, used 78153K [0x00000000e0000000, 0x0000000100000000)
  region size 1024K, 49 young (50176K), 4 survivors (4096K)
 Metaspace       used 35059K, capacity 35817K, committed 35888K, reserved 286720K
  class space    used 4443K, capacity 4703K, committed 4736K, reserved 253952K
}
Event: 3.326 GC heap after
{Heap after GC invocations=5 (full 0):
 garbage-first heap   total 262144K, used 35660K [0x00000000e0000000, 0x0000000100000000)
  region size 1024K, 8 young (8192K), 8 survivors (8192K)
 Metaspace       used 35059K, capacity 35817K, committed 35888K, reserved 286720K
  class space    used 4443K, capacity 4703K, committed 4736K, reserved 253952K
}
Event: 13.705 GC heap before
{Heap before GC invocations=6 (full 0):
 garbage-first heap   total 262144K, used 121676K [0x00000000e0000000, 0x0000000100000000)
  region size 1024K, 92 young (94208K), 8 survivors (8192K)
 Metaspace       used 42314K, capacity 43410K, committed 43696K, reserved 292864K
  class space    used 5447K, capacity 5842K, committed 5888K, reserved 253952K
}
Event: 13.718 GC heap after
{Heap after GC invocations=7 (full 0):
 garbage-first heap   total 262144K, used 39232K [0x00000000e0000000, 0x0000000100000000)
  region size 1024K, 10 young (10240K), 10 survivors (10240K)
 Metaspace       used 42314K, capacity 43410K, committed 43696K, reserved 292864K
  class space    used 5447K, capacity 5842K, committed 5888K, reserved 253952K
}
Event: 16.786 GC heap before
{Heap before GC invocations=8 (full 0):
 garbage-first heap   total 262144K, used 163136K [0x00000000e0000000, 0x0000000100000000)
  region size 1024K, 129 young (132096K), 10 survivors (10240K)
 Metaspace       used 56180K, capacity 57726K, committed 57904K, reserved 305152K
  class space    used 7135K, capacity 7703K, committed 7808K, reserved 253952K
}
Event: 16.802 GC heap after
{Heap after GC invocations=9 (full 0):
 garbage-first heap   total 262144K, used 53892K [0x00000000e0000000, 0x0000000100000000)
  region size 1024K, 17 young (17408K), 17 survivors (17408K)
 Metaspace       used 56180K, capacity 57726K, committed 57904K, reserved 305152K
  class space    used 7135K, capacity 7703K, committed 7808K, reserved 253952K
}
Event: 27.537 GC heap before
{Heap before GC invocations=9 (full 0):
 garbage-first heap   total 262144K, used 169604K [0x00000000e0000000, 0x0000000100000000)
  region size 1024K, 131 young (134144K), 17 survivors (17408K)
 Metaspace       used 65313K, capacity 67257K, committed 67376K, reserved 313344K
  class space    used 8461K, capacity 9239K, committed 9344K, reserved 253952K
}
Event: 27.550 GC heap after
{Heap after GC invocations=10 (full 0):
 garbage-first heap   total 262144K, used 63647K [0x00000000e0000000, 0x0000000100000000)
  region size 1024K, 10 young (10240K), 10 survivors (10240K)
 Metaspace       used 65313K, capacity 67257K, committed 67376K, reserved 313344K
  class space    used 8461K, capacity 9239K, committed 9344K, reserved 253952K
}
Event: 28.910 GC heap before
{Heap before GC invocations=10 (full 0):
 garbage-first heap   total 262144K, used 137375K [0x00000000e0000000, 0x0000000100000000)
  region size 1024K, 83 young (84992K), 10 survivors (10240K)
 Metaspace       used 70051K, capacity 72666K, committed 72752K, reserved 317440K
  class space    used 9078K, capacity 10083K, committed 10112K, reserved 253952K
}
Event: 28.927 GC heap after
{Heap after GC invocations=11 (full 0):
 garbage-first heap   total 262144K, used 73685K [0x00000000e0000000, 0x0000000100000000)
  region size 1024K, 10 young (10240K), 10 survivors (10240K)
 Metaspace       used 70051K, capacity 72666K, committed 72752K, reserved 317440K
  class space    used 9078K, capacity 10083K, committed 10112K, reserved 253952K
}
Event: 30.501 GC heap before
{Heap before GC invocations=12 (full 0):
 garbage-first heap   total 262144K, used 191445K [0x00000000e0000000, 0x0000000100000000)
  region size 1024K, 121 young (123904K), 10 survivors (10240K)
 Metaspace       used 75619K, capacity 79310K, committed 79536K, reserved 323584K
  class space    used 9860K, capacity 11153K, committed 11264K, reserved 253952K
}
Event: 30.518 GC heap after
{Heap after GC invocations=13 (full 0):
 garbage-first heap   total 262144K, used 98224K [0x00000000e0000000, 0x0000000100000000)
  region size 1024K, 16 young (16384K), 16 survivors (16384K)
 Metaspace       used 75619K, capacity 79310K, committed 79536K, reserved 323584K
  class space    used 9860K, capacity 11153K, committed 11264K, reserved 253952K
}

Deoptimization events (20 events):
Event: 30.286 Thread 0x0000021cfe6b0000 DEOPT PACKING pc=0x0000021cea309d91 sp=0x00000040c6df9f20
Event: 30.286 Thread 0x0000021cfe6b0000 DEOPT UNPACKING pc=0x0000021ce99876ce sp=0x00000040c6df93f8 mode 0
Event: 30.413 Thread 0x0000021cfe6b0000 Uncommon trap: trap_request=0xffffff4d fr.pc=0x0000021cf164abc8 relative=0x0000000000003288
Event: 30.413 Thread 0x0000021cfe6b0000 Uncommon trap: reason=unstable_if action=reinterpret pc=0x0000021cf164abc8 method=sun.net.www.protocol.jar.Handler.parseURL(Ljava/net/URL;Ljava/lang/String;II)V @ 116 c2
Event: 30.413 Thread 0x0000021cfe6b0000 DEOPT PACKING pc=0x0000021cf164abc8 sp=0x00000040c6dfa160
Event: 30.413 Thread 0x0000021cfe6b0000 DEOPT UNPACKING pc=0x0000021ce99878af sp=0x00000040c6dfa120 mode 2
Event: 30.429 Thread 0x0000021cfe6b0000 Uncommon trap: trap_request=0xffffff4d fr.pc=0x0000021cf16a3d48 relative=0x0000000000001848
Event: 30.429 Thread 0x0000021cfe6b0000 Uncommon trap: reason=unstable_if action=reinterpret pc=0x0000021cf16a3d48 method=java.util.concurrent.ConcurrentHashMap.putVal(Ljava/lang/Object;Ljava/lang/Object;Z)Ljava/lang/Object; @ 245 c2
Event: 30.429 Thread 0x0000021cfe6b0000 DEOPT PACKING pc=0x0000021cf16a3d48 sp=0x00000040c6df89d0
Event: 30.429 Thread 0x0000021cfe6b0000 DEOPT UNPACKING pc=0x0000021ce99878af sp=0x00000040c6df8968 mode 2
Event: 30.620 Thread 0x0000021cfe6b0000 Uncommon trap: trap_request=0xffffff4d fr.pc=0x0000021cf190d970 relative=0x0000000000000bd0
Event: 30.620 Thread 0x0000021cfe6b0000 Uncommon trap: reason=unstable_if action=reinterpret pc=0x0000021cf190d970 method=com.google.common.collect.ImmutableSet.construct(I[Ljava/lang/Object;)Lcom/google/common/collect/ImmutableSet; @ 175 c2
Event: 30.620 Thread 0x0000021cfe6b0000 DEOPT PACKING pc=0x0000021cf190d970 sp=0x00000040c6df81c0
Event: 30.620 Thread 0x0000021cfe6b0000 DEOPT UNPACKING pc=0x0000021ce99878af sp=0x00000040c6df8150 mode 2
Event: 30.620 Thread 0x0000021cfe6b0000 DEOPT PACKING pc=0x0000021cea63a2e1 sp=0x00000040c6df85b0
Event: 30.620 Thread 0x0000021cfe6b0000 DEOPT UNPACKING pc=0x0000021ce99876ce sp=0x00000040c6df7a68 mode 0
Event: 30.623 Thread 0x0000021cfe6b0000 Uncommon trap: trap_request=0xffffff4d fr.pc=0x0000021cf1913344 relative=0x0000000000000184
Event: 30.623 Thread 0x0000021cfe6b0000 Uncommon trap: reason=unstable_if action=reinterpret pc=0x0000021cf1913344 method=java.util.regex.Pattern$GroupTail.match(Ljava/util/regex/Matcher;ILjava/lang/CharSequence;)Z @ 73 c2
Event: 30.623 Thread 0x0000021cfe6b0000 DEOPT PACKING pc=0x0000021cf1913344 sp=0x00000040c6df8ad0
Event: 30.623 Thread 0x0000021cfe6b0000 DEOPT UNPACKING pc=0x0000021ce99878af sp=0x00000040c6df8a58 mode 2

Classes redefined (0 events):
No events

Internal exceptions (20 events):
Event: 30.333 Thread 0x0000021cfe6b0000 Exception <a 'java/security/PrivilegedActionException'{0x00000000e90b7650}> (0x00000000e90b7650) thrown at [./src/hotspot/share/prims/jvm.cpp, line 1306]
Event: 30.333 Thread 0x0000021cfe6b0000 Exception <a 'java/security/PrivilegedActionException'{0x00000000e90b8668}> (0x00000000e90b8668) thrown at [./src/hotspot/share/prims/jvm.cpp, line 1306]
Event: 30.333 Thread 0x0000021cfe6b0000 Exception <a 'java/security/PrivilegedActionException'{0x00000000e90bb070}> (0x00000000e90bb070) thrown at [./src/hotspot/share/prims/jvm.cpp, line 1306]
Event: 30.333 Thread 0x0000021cfe6b0000 Exception <a 'java/security/PrivilegedActionException'{0x00000000e90bc088}> (0x00000000e90bc088) thrown at [./src/hotspot/share/prims/jvm.cpp, line 1306]
Event: 30.333 Thread 0x0000021cfe6b0000 Exception <a 'java/security/PrivilegedActionException'{0x00000000e90be9d0}> (0x00000000e90be9d0) thrown at [./src/hotspot/share/prims/jvm.cpp, line 1306]
Event: 30.333 Thread 0x0000021cfe6b0000 Exception <a 'java/security/PrivilegedActionException'{0x00000000e90bf9e8}> (0x00000000e90bf9e8) thrown at [./src/hotspot/share/prims/jvm.cpp, line 1306]
Event: 30.333 Thread 0x0000021cfe6b0000 Exception <a 'java/security/PrivilegedActionException'{0x00000000e90c23e0}> (0x00000000e90c23e0) thrown at [./src/hotspot/share/prims/jvm.cpp, line 1306]
Event: 30.333 Thread 0x0000021cfe6b0000 Exception <a 'java/security/PrivilegedActionException'{0x00000000e90c33f8}> (0x00000000e90c33f8) thrown at [./src/hotspot/share/prims/jvm.cpp, line 1306]
Event: 30.333 Thread 0x0000021cfe6b0000 Exception <a 'java/security/PrivilegedActionException'{0x00000000e90c5d70}> (0x00000000e90c5d70) thrown at [./src/hotspot/share/prims/jvm.cpp, line 1306]
Event: 30.334 Thread 0x0000021cfe6b0000 Exception <a 'java/security/PrivilegedActionException'{0x00000000e90c6d88}> (0x00000000e90c6d88) thrown at [./src/hotspot/share/prims/jvm.cpp, line 1306]
Event: 30.334 Thread 0x0000021cfe6b0000 Exception <a 'java/security/PrivilegedActionException'{0x00000000e90c9728}> (0x00000000e90c9728) thrown at [./src/hotspot/share/prims/jvm.cpp, line 1306]
Event: 30.334 Thread 0x0000021cfe6b0000 Exception <a 'java/security/PrivilegedActionException'{0x00000000e90ca740}> (0x00000000e90ca740) thrown at [./src/hotspot/share/prims/jvm.cpp, line 1306]
Event: 30.334 Thread 0x0000021cfe6b0000 Exception <a 'java/security/PrivilegedActionException'{0x00000000e90d33d0}> (0x00000000e90d33d0) thrown at [./src/hotspot/share/prims/jvm.cpp, line 1306]
Event: 30.334 Thread 0x0000021cfe6b0000 Exception <a 'java/security/PrivilegedActionException'{0x00000000e90d43e8}> (0x00000000e90d43e8) thrown at [./src/hotspot/share/prims/jvm.cpp, line 1306]
Event: 30.334 Thread 0x0000021cfe6b0000 Exception <a 'java/security/PrivilegedActionException'{0x00000000e90d6d30}> (0x00000000e90d6d30) thrown at [./src/hotspot/share/prims/jvm.cpp, line 1306]
Event: 30.334 Thread 0x0000021cfe6b0000 Exception <a 'java/security/PrivilegedActionException'{0x00000000e90d7d48}> (0x00000000e90d7d48) thrown at [./src/hotspot/share/prims/jvm.cpp, line 1306]
Event: 30.334 Thread 0x0000021cfe6b0000 Exception <a 'java/security/PrivilegedActionException'{0x00000000e90da740}> (0x00000000e90da740) thrown at [./src/hotspot/share/prims/jvm.cpp, line 1306]
Event: 30.334 Thread 0x0000021cfe6b0000 Exception <a 'java/security/PrivilegedActionException'{0x00000000e90db758}> (0x00000000e90db758) thrown at [./src/hotspot/share/prims/jvm.cpp, line 1306]
Event: 30.489 Thread 0x0000021cfe6b0000 Exception <a 'java/lang/ClassNotFoundException'{0x00000000e8788798}: build_e0cwy3bvsjmecbjo1nu2epoze$_run_closure1BeanInfo> (0x00000000e8788798) thrown at [./src/hotspot/share/classfile/systemDictionary.cpp, line 231]
Event: 30.489 Thread 0x0000021cfe6b0000 Exception <a 'java/lang/ClassNotFoundException'{0x00000000e8799490}: build_e0cwy3bvsjmecbjo1nu2epoze$_run_closure1Customizer> (0x00000000e8799490) thrown at [./src/hotspot/share/classfile/systemDictionary.cpp, line 231]

Events (20 events):
Event: 30.710 loading class com/android/build/gradle/internal/res/LinkApplicationAndroidResourcesTask$BaseCreationAction$configure$2
Event: 30.710 loading class com/android/build/gradle/internal/res/LinkApplicationAndroidResourcesTask$BaseCreationAction$configure$2 done
Event: 30.715 loading class org/jetbrains/kotlin/gradle/internal/Kapt3KotlinGradleSubpluginKt
Event: 30.715 loading class org/jetbrains/kotlin/gradle/internal/Kapt3KotlinGradleSubpluginKt done
Event: 30.717 loading class org/jetbrains/kotlin/gradle/plugin/AbstractAndroidProjectHandler$addKotlinDependenciesToAndroidSourceSets$1
Event: 30.717 loading class org/jetbrains/kotlin/gradle/plugin/AbstractAndroidProjectHandler$addKotlinDependenciesToAndroidSourceSets$1 done
Event: 30.718 loading class kotlin/jvm/functions/Function5
Event: 30.718 loading class kotlin/jvm/functions/Function5 done
Event: 30.718 loading class org/jetbrains/kotlin/gradle/plugin/mpp/KotlinMultiplatformPluginKt$applyUserDefinedAttributes$1$1
Event: 30.718 loading class org/jetbrains/kotlin/gradle/plugin/mpp/KotlinMultiplatformPluginKt$applyUserDefinedAttributes$1$1 done
Event: 30.719 loading class org/jetbrains/kotlin/gradle/plugin/mpp/KotlinAndroidTarget$checkPublishLibraryVariantsExist$1
Event: 30.719 loading class org/jetbrains/kotlin/gradle/plugin/mpp/KotlinAndroidTarget$checkPublishLibraryVariantsExist$1 done
Event: 30.719 loading class org/jetbrains/kotlin/gradle/plugin/KotlinPluginWrapperKt$getKotlinPluginVersion$1
Event: 30.719 loading class org/jetbrains/kotlin/gradle/plugin/KotlinPluginWrapperKt$getKotlinPluginVersion$1 done
Event: 30.720 loading class org/jetbrains/kotlin/gradle/plugin/mpp/KotlinAndroidTarget$checkPublishLibraryVariantsExist$1$getLibraryVariantNames$$inlined$apply$lambda$1
Event: 30.720 loading class org/jetbrains/kotlin/gradle/plugin/mpp/KotlinAndroidTarget$checkPublishLibraryVariantsExist$1$getLibraryVariantNames$$inlined$apply$lambda$1 done
Event: 30.721 loading class org/jetbrains/kotlin/gradle/plugin/mpp/KotlinAndroidTarget$doCreateComponents$publishableVariants$1$1
Event: 30.721 loading class org/jetbrains/kotlin/gradle/plugin/mpp/KotlinAndroidTarget$doCreateComponents$publishableVariants$1$1 done
Event: 30.722 loading class org/jetbrains/kotlin/gradle/plugin/mpp/KotlinMultiplatformPluginKt$applyUserDefinedAttributes$1$3
Event: 30.722 loading class org/jetbrains/kotlin/gradle/plugin/mpp/KotlinMultiplatformPluginKt$applyUserDefinedAttributes$1$3 done


Dynamic libraries:
0x00007ff7afd90000 - 0x00007ff7afd9a000 	D:\Android\Android Studio\jre\bin\java.exe
0x00007ffb9ef30000 - 0x00007ffb9f125000 	C:\Windows\SYSTEM32\ntdll.dll
0x00007ffb9dc20000 - 0x00007ffb9dcdd000 	C:\Windows\System32\KERNEL32.DLL
0x00007ffb9c7a0000 - 0x00007ffb9ca69000 	C:\Windows\System32\KERNELBASE.dll
0x00007ffb9ce00000 - 0x00007ffb9cf00000 	C:\Windows\System32\ucrtbase.dll
0x00007ffb42260000 - 0x00007ffb42277000 	D:\Android\Android Studio\jre\bin\VCRUNTIME140.dll
0x00007ffb41f10000 - 0x00007ffb41f29000 	D:\Android\Android Studio\jre\bin\jli.dll
0x00007ffb9cff0000 - 0x00007ffb9d190000 	C:\Windows\System32\USER32.dll
0x00007ffb9c660000 - 0x00007ffb9c682000 	C:\Windows\System32\win32u.dll
0x00007ffb9d980000 - 0x00007ffb9d9aa000 	C:\Windows\System32\GDI32.dll
0x00007ffb79930000 - 0x00007ffb79bca000 	C:\Windows\WinSxS\amd64_microsoft.windows.common-controls_6595b64144ccf1df_6.0.19041.1110_none_60b5254171f9507e\COMCTL32.dll
0x00007ffb9cac0000 - 0x00007ffb9cbcb000 	C:\Windows\System32\gdi32full.dll
0x00007ffb9dce0000 - 0x00007ffb9dd7e000 	C:\Windows\System32\msvcrt.dll
0x00007ffb9cbd0000 - 0x00007ffb9cc6d000 	C:\Windows\System32\msvcp_win.dll
0x00007ffb9daf0000 - 0x00007ffb9db20000 	C:\Windows\System32\IMM32.DLL
0x00007ffafda60000 - 0x00007ffafdafd000 	D:\Android\Android Studio\jre\bin\msvcp140.dll
0x00007ffb452b0000 - 0x00007ffb45d7f000 	D:\Android\Android Studio\jre\bin\server\jvm.dll
0x00007ffb9d8d0000 - 0x00007ffb9d97c000 	C:\Windows\System32\ADVAPI32.dll
0x00007ffb9e710000 - 0x00007ffb9e7ab000 	C:\Windows\System32\sechost.dll
0x00007ffb9d9c0000 - 0x00007ffb9daea000 	C:\Windows\System32\RPCRT4.dll
0x00007ffb9d8c0000 - 0x00007ffb9d8c8000 	C:\Windows\System32\PSAPI.DLL
0x00007ffb91980000 - 0x00007ffb919a7000 	C:\Windows\SYSTEM32\WINMM.dll
0x00007ffb9b410000 - 0x00007ffb9b41a000 	C:\Windows\SYSTEM32\VERSION.dll
0x00007ffb97fb0000 - 0x00007ffb97fb9000 	C:\Windows\SYSTEM32\WSOCK32.dll
0x00007ffb9dbb0000 - 0x00007ffb9dc1b000 	C:\Windows\System32\WS2_32.dll
0x00007ffb9b3d0000 - 0x00007ffb9b3e2000 	C:\Windows\SYSTEM32\kernel.appcore.dll
0x00007ffb97f90000 - 0x00007ffb97fa1000 	D:\Android\Android Studio\jre\bin\verify.dll
0x00007ffb80590000 - 0x00007ffb80774000 	C:\Windows\SYSTEM32\DBGHELP.DLL
0x00007ffb7d2b0000 - 0x00007ffb7d2dc000 	C:\Windows\SYSTEM32\dbgcore.DLL
0x00007ffb9cf00000 - 0x00007ffb9cf83000 	C:\Windows\System32\bcryptPrimitives.dll
0x00007ffb97f60000 - 0x00007ffb97f89000 	D:\Android\Android Studio\jre\bin\java.dll
0x00007ffb97f50000 - 0x00007ffb97f5b000 	D:\Android\Android Studio\jre\bin\jimage.dll
0x00007ffb97f30000 - 0x00007ffb97f48000 	D:\Android\Android Studio\jre\bin\zip.dll
0x00007ffb9e7b0000 - 0x00007ffb9eeef000 	C:\Windows\System32\SHELL32.dll
0x00007ffb9a570000 - 0x00007ffb9ad00000 	C:\Windows\SYSTEM32\windows.storage.dll
0x00007ffb9d190000 - 0x00007ffb9d4e5000 	C:\Windows\System32\combase.dll
0x00007ffb9bf70000 - 0x00007ffb9bf9c000 	C:\Windows\SYSTEM32\Wldp.dll
0x00007ffb9d4f0000 - 0x00007ffb9d59e000 	C:\Windows\System32\SHCORE.dll
0x00007ffb9cf90000 - 0x00007ffb9cfe5000 	C:\Windows\System32\shlwapi.dll
0x00007ffb9c5a0000 - 0x00007ffb9c5bf000 	C:\Windows\SYSTEM32\profapi.dll
0x00007ffb97f10000 - 0x00007ffb97f2a000 	D:\Android\Android Studio\jre\bin\net.dll
0x00007ffb96c30000 - 0x00007ffb96d38000 	C:\Windows\SYSTEM32\WINHTTP.dll
0x00007ffb9bcf0000 - 0x00007ffb9bd5a000 	C:\Windows\system32\mswsock.dll
0x00007ffb97ef0000 - 0x00007ffb97f04000 	D:\Android\Android Studio\jre\bin\nio.dll
0x00007ffb4fb10000 - 0x00007ffb4fb3a000 	C:\Users\locku\.gradle\native\36\windows-amd64\native-platform.dll
0x00007ffb97ee0000 - 0x00007ffb97eea000 	D:\Android\Android Studio\jre\bin\management.dll
0x00007ffb97ed0000 - 0x00007ffb97edc000 	D:\Android\Android Studio\jre\bin\management_ext.dll
0x00007ffb9bfd0000 - 0x00007ffb9bfe8000 	C:\Windows\SYSTEM32\CRYPTSP.dll
0x00007ffb9b690000 - 0x00007ffb9b6c4000 	C:\Windows\system32\rsaenh.dll
0x00007ffb9cdd0000 - 0x00007ffb9cdf7000 	C:\Windows\System32\bcrypt.dll
0x00007ffb9c520000 - 0x00007ffb9c54e000 	C:\Windows\SYSTEM32\USERENV.dll
0x00007ffb9be80000 - 0x00007ffb9be8c000 	C:\Windows\SYSTEM32\CRYPTBASE.dll
0x00007ffb9ba00000 - 0x00007ffb9ba3b000 	C:\Windows\SYSTEM32\IPHLPAPI.DLL
0x00007ffb9d9b0000 - 0x00007ffb9d9b8000 	C:\Windows\System32\NSI.dll
0x00007ffb96350000 - 0x00007ffb96367000 	C:\Windows\SYSTEM32\dhcpcsvc6.DLL
0x00007ffb962c0000 - 0x00007ffb962dd000 	C:\Windows\SYSTEM32\dhcpcsvc.DLL
0x00007ffb9ba40000 - 0x00007ffb9bb0c000 	C:\Windows\SYSTEM32\DNSAPI.dll

dbghelp: loaded successfully - version: 4.0.5 - missing functions: none
symbol engine: initialized successfully - sym options: 0x614 - pdb path: .;D:\Android\Android Studio\jre\bin;C:\Windows\SYSTEM32;C:\Windows\WinSxS\amd64_microsoft.windows.common-controls_6595b64144ccf1df_6.0.19041.1110_none_60b5254171f9507e;D:\Android\Android Studio\jre\bin\server;C:\Users\locku\.gradle\native\36\windows-amd64

VM Arguments:
jvm_args: --add-opens=java.base/java.util=ALL-UNNAMED --add-opens=java.base/java.lang=ALL-UNNAMED --add-opens=java.base/java.lang.invoke=ALL-UNNAMED --add-opens=java.prefs/java.util.prefs=ALL-UNNAMED -XX:MaxMetaspaceSize=256m -XX:+HeapDumpOnOutOfMemoryError -Xms256m -Xmx512m -Dfile.encoding=windows-1252 -Duser.country=US -Duser.language=en -Duser.variant 
java_command: org.gradle.launcher.daemon.bootstrap.GradleDaemon 6.2
java_class_path (initial): C:\Users\locku\.gradle\wrapper\dists\gradle-6.2-all\dvufqs6kielxeao781pmk5huj\gradle-6.2\lib\gradle-launcher-6.2.jar
Launcher Type: SUN_STANDARD

[Global flags]
     intx CICompilerCount                          = 3                                         {product} {ergonomic}
   size_t CompressedClassSpaceSize                 = 260046848                                 {product} {ergonomic}
     uint ConcGCThreads                            = 2                                         {product} {ergonomic}
     uint G1ConcRefinementThreads                  = 6                                         {product} {ergonomic}
   size_t G1HeapRegionSize                         = 1048576                                   {product} {ergonomic}
    uintx GCDrainStackTargetSize                   = 64                                        {product} {ergonomic}
     bool HeapDumpOnOutOfMemoryError               = true                                   {manageable} {command line}
   size_t InitialHeapSize                          = 268435456                                 {product} {command line}
   size_t MarkStackSize                            = 4194304                                   {product} {ergonomic}
   size_t MaxHeapSize                              = 536870912                                 {product} {command line}
   size_t MaxMetaspaceSize                         = 268435456                                 {product} {command line}
   size_t MaxNewSize                               = 321912832                                 {product} {ergonomic}
   size_t MinHeapDeltaBytes                        = 1048576                                   {product} {ergonomic}
    uintx NonNMethodCodeHeapSize                   = 5830732                                {pd product} {ergonomic}
    uintx NonProfiledCodeHeapSize                  = 122913754                              {pd product} {ergonomic}
    uintx ProfiledCodeHeapSize                     = 122913754                              {pd product} {ergonomic}
    uintx ReservedCodeCacheSize                    = 251658240                              {pd product} {ergonomic}
     bool SegmentedCodeCache                       = true                                      {product} {ergonomic}
     bool UseCompressedClassPointers               = true                                 {lp64_product} {ergonomic}
     bool UseCompressedOops                        = true                                 {lp64_product} {ergonomic}
     bool UseG1GC                                  = true                                      {product} {ergonomic}
     bool UseLargePagesIndividualAllocation        = false                                  {pd product} {ergonomic}

Logging:
Log output configuration:
 #0: stdout all=warning uptime,level,tags
 #1: stderr all=off uptime,level,tags

Environment Variables:
JAVA_HOME=C:\Program Files\OpenJDK\openjdk-8u302-b08
PATH=C:\Program Files\AdoptOpenJDK\jdk-11.0.11.9-hotspot\bin;C:\Program Files (x86)\Common Files\Oracle\Java\javapath;C:\Python39\Scripts\;C:\Python39\;C:\Windows\system32;C:\Windows;C:\Windows\System32\Wbem;C:\Windows\System32\WindowsPowerShell\v1.0\;C:\Windows\System32\OpenSSH\;C:\Program Files\Git\cmd;C:\Program Files\nodejs\;C:\ProgramData\chocolatey\bin;C:\Program Files\NVIDIA Corporation\NVIDIA NvDLISR;C:\Program Files (x86)\NVIDIA Corporation\PhysX\Common;D:\Sdk\platform-tools;D:\Sdk\emulator;C:\Program Files\OpenJDK\openjdk-8u302-b08\bin;D:\Android\gradle-7.1.1\bin;D:\Sdk\build-tools\31.0.0;C:\Program Files (x86)\dotnet\;C:\Users\locku\AppData\Local\Microsoft\WindowsApps;C:\Users\locku\AppData\Local\Programs\Microsoft VS Code\bin;C:\Users\locku\AppData\Roaming\npm;C:\Program Files\Redis;C:\Users\locku\AppData\Local\GitHubDesktop\bin;D:\Sdk\platform-tools;C:\Users\locku\AppData\Local\Android\Sdk\platform-tools;
USERNAME=locku
OS=Windows_NT
PROCESSOR_IDENTIFIER=Intel64 Family 6 Model 158 Stepping 10, GenuineIntel



---------------  S Y S T E M  ---------------

OS: Windows 10 , 64 bit Build 19041 (10.0.19041.1151)
OS uptime: 0 days 6:03 hours
Hyper-V role detected

CPU:total 6 (initial active 6) (6 cores per cpu, 1 threads per core) family 6 model 158 stepping 10 microcode 0xb4, cmov, cx8, fxsr, mmx, sse, sse2, sse3, ssse3, sse4.1, sse4.2, popcnt, avx, avx2, aes, clmul, erms, 3dnowpref, lzcnt, tsc, tscinvbit, bmi1, bmi2, adx, fma

Memory: 4k page, system-wide physical 16226M (921M free)
TotalPageFile size 30562M (AvailPageFile size 4446M)
current process WorkingSet (physical memory assigned to process): 470M, peak: 472M
current process commit charge ("private bytes"): 541M, peak: 542M

vm_info: OpenJDK 64-Bit Server VM (11.0.10+0-b96-7249189) for windows-amd64 JRE (11.0.10+0-b96-7249189), built on Mar 31 2021 21:44:00 by "builder" with MS VC++ 14.0 (VS2015)

END.
